#
# There is insufficient memory for the Java Runtime Environment to continue.
# Native memory allocation (malloc) failed to allocate 1719104 bytes for Chunk::new
# Possible reasons:
#   The system is out of physical RAM or swap space
#   In 32 bit mode, the process size limit was hit
# Possible solutions:
#   Reduce memory load on the system
#   Increase physical memory or swap space
#   Check if swap backing store is full
#   Use 64 bit Java on a 64 bit OS
#   Decrease Java heap size (-Xmx/-Xms)
#   Decrease number of Java threads
#   Decrease Java thread stack sizes (-Xss)
#   Set larger code cache with -XX:ReservedCodeCacheSize=
# This output file may be truncated or incomplete.
#
#  Out of Memory Error (allocation.cpp:390), pid=1884, tid=0x0000000000000c3c
#
# JRE version: Java(TM) SE Runtime Environment (8.0_111-b14) (build 1.8.0_111-b14)
# Java VM: Java HotSpot(TM) 64-Bit Server VM (25.111-b14 mixed mode windows-amd64 compressed oops)
# Failed to write core dump. Minidumps are not enabled by default on client versions of Windows
#

---------------  T H R E A D  ---------------

Current thread (0x00000000153b5800):  JavaThread "C2 CompilerThread1" daemon [_thread_in_native, id=3132, stack(0x0000000016a00000,0x0000000016b00000)]

Stack: [0x0000000016a00000,0x0000000016b00000]
[error occurred during error reporting (printing stack bounds), id 0xc0000005]

Native frames: (J=compiled Java code, j=interpreted, Vv=VM code, C=native code)


Current CompileTask:
C2:   2243 2231       4       java.net.URLClassLoader$1::run (5 bytes)


---------------  P R O C E S S  ---------------

Java Threads: ( => current thread )
  0x000000001540e800 JavaThread "Service Thread" daemon [_thread_blocked, id=168, stack(0x0000000017000000,0x0000000017100000)]
  0x00000000153be000 JavaThread "C1 CompilerThread2" daemon [_thread_blocked, id=2700, stack(0x0000000016b00000,0x0000000016c00000)]
=>0x00000000153b5800 JavaThread "C2 CompilerThread1" daemon [_thread_in_native, id=3132, stack(0x0000000016a00000,0x0000000016b00000)]
  0x00000000153b3000 JavaThread "C2 CompilerThread0" daemon [_thread_in_native, id=1424, stack(0x0000000016900000,0x0000000016a00000)]
  0x00000000153b1800 JavaThread "Attach Listener" daemon [_thread_blocked, id=2928, stack(0x0000000016800000,0x0000000016900000)]
  0x00000000153ae800 JavaThread "Signal Dispatcher" daemon [_thread_blocked, id=3824, stack(0x0000000016700000,0x0000000016800000)]
  0x000000001539a800 JavaThread "Finalizer" daemon [_thread_blocked, id=2540, stack(0x0000000016600000,0x0000000016700000)]
  0x0000000002dd1800 JavaThread "Reference Handler" daemon [_thread_blocked, id=3444, stack(0x0000000016500000,0x0000000016600000)]
  0x0000000002ce2800 JavaThread "main" [_thread_in_native, id=4184, stack(0x0000000002be0000,0x0000000002ce0000)]

Other Threads:
  0x0000000015377800 VMThread [stack: 0x0000000016400000,0x0000000016500000] [id=3036]
  0x0000000016c60000 WatcherThread [stack: 0x0000000017200000,0x0000000017300000] [id=6116]

VM state:not at safepoint (normal execution)

VM Mutex/Monitor currently owned by a thread: None

Heap:
 PSYoungGen      total 73216K, used 13160K [0x00000000eb400000, 0x00000000f0400000, 0x0000000100000000)
  eden space 65024K, 7% used [0x00000000eb400000,0x00000000eb8e1598,0x00000000ef380000)
  from space 8192K, 99% used [0x00000000ef380000,0x00000000efb78d88,0x00000000efb80000)
  to   space 7680K, 0% used [0x00000000efb80000,0x00000000efb80000,0x00000000f0300000)
 ParOldGen       total 34304K, used 7222K [0x00000000c1c00000, 0x00000000c3d80000, 0x00000000eb400000)
  object space 34304K, 21% used [0x00000000c1c00000,0x00000000c230dbb8,0x00000000c3d80000)
 Metaspace       used 26847K, capacity 27170K, committed 27520K, reserved 1073152K
  class space    used 3278K, capacity 3374K, committed 3456K, reserved 1048576K

Card table byte_map: [0x00000000121a0000,0x00000000123a0000] byte_map_base: 0x0000000011b92000

Marking Bits: (ParMarkBitMap*) 0x0000000072f1a6c0
 Begin Bits: [0x00000000128f0000, 0x0000000013880000)
 End Bits:   [0x0000000013880000, 0x0000000014810000)

Polling page: 0x0000000001120000

CodeCache: size=245760Kb used=8817Kb max_used=8817Kb free=236942Kb
 bounds [0x0000000002de0000, 0x0000000003680000, 0x0000000011de0000]
 total_blobs=2812 nmethods=2423 adapters=301
 compilation: enabled

Compilation events (10 events):
Event: 2.190 Thread 0x00000000153be000 2426   !   2       java.lang.Class::newInstance (155 bytes)
Event: 2.191 Thread 0x00000000153be000 nmethod 2426 0x0000000003672790 code [0x0000000003672a00, 0x00000000036732d8]
Event: 2.203 Thread 0x00000000153be000 2427 %     3       java.util.Arrays::fill @ 5 (21 bytes)
Event: 2.203 Thread 0x00000000153be000 nmethod 2427% 0x0000000003673910 code [0x0000000003673a80, 0x0000000003673cd0]
Event: 2.203 Thread 0x00000000153be000 2428       3       java.util.Arrays::fill (21 bytes)
Event: 2.203 Thread 0x00000000153be000 nmethod 2428 0x0000000003673e10 code [0x0000000003673f80, 0x0000000003674170]
Event: 2.207 Thread 0x00000000153be000 2429       2       java.lang.Class$1::run (5 bytes)
Event: 2.207 Thread 0x00000000153be000 nmethod 2429 0x0000000003674250 code [0x00000000036743c0, 0x0000000003674598]
Event: 2.207 Thread 0x00000000153be000 2430       2       java.lang.Class$1::run (10 bytes)
Event: 2.207 Thread 0x00000000153be000 nmethod 2430 0x00000000036746d0 code [0x0000000003674840, 0x0000000003674a18]

GC Heap History (10 events):
Event: 0.868 GC heap before
{Heap before GC invocations=4 (full 0):
 PSYoungGen      total 18944K, used 18944K [0x00000000eb400000, 0x00000000ed900000, 0x0000000100000000)
  eden space 16384K, 100% used [0x00000000eb400000,0x00000000ec400000,0x00000000ec400000)
  from space 2560K, 100% used [0x00000000ec400000,0x00000000ec680000,0x00000000ec680000)
  to   space 2560K, 0% used [0x00000000ed680000,0x00000000ed680000,0x00000000ed900000)
 ParOldGen       total 44032K, used 4321K [0x00000000c1c00000, 0x00000000c4700000, 0x00000000eb400000)
  object space 44032K, 9% used [0x00000000c1c00000,0x00000000c20385f8,0x00000000c4700000)
 Metaspace       used 15973K, capacity 16138K, committed 16384K, reserved 1062912K
  class space    used 1918K, capacity 1955K, committed 2048K, reserved 1048576K
Event: 0.874 GC heap after
Heap after GC invocations=4 (full 0):
 PSYoungGen      total 35328K, used 2528K [0x00000000eb400000, 0x00000000ed900000, 0x0000000100000000)
  eden space 32768K, 0% used [0x00000000eb400000,0x00000000eb400000,0x00000000ed400000)
  from space 2560K, 98% used [0x00000000ed680000,0x00000000ed8f8050,0x00000000ed900000)
  to   space 2560K, 0% used [0x00000000ed400000,0x00000000ed400000,0x00000000ed680000)
 ParOldGen       total 44032K, used 7483K [0x00000000c1c00000, 0x00000000c4700000, 0x00000000eb400000)
  object space 44032K, 16% used [0x00000000c1c00000,0x00000000c234ef78,0x00000000c4700000)
 Metaspace       used 15973K, capacity 16138K, committed 16384K, reserved 1062912K
  class space    used 1918K, capacity 1955K, committed 2048K, reserved 1048576K
}
Event: 1.225 GC heap before
{Heap before GC invocations=5 (full 0):
 PSYoungGen      total 35328K, used 35296K [0x00000000eb400000, 0x00000000ed900000, 0x0000000100000000)
  eden space 32768K, 100% used [0x00000000eb400000,0x00000000ed400000,0x00000000ed400000)
  from space 2560K, 98% used [0x00000000ed680000,0x00000000ed8f8050,0x00000000ed900000)
  to   space 2560K, 0% used [0x00000000ed400000,0x00000000ed400000,0x00000000ed680000)
 ParOldGen       total 44032K, used 7483K [0x00000000c1c00000, 0x00000000c4700000, 0x00000000eb400000)
  object space 44032K, 16% used [0x00000000c1c00000,0x00000000c234ef78,0x00000000c4700000)
 Metaspace       used 20686K, capacity 20946K, committed 21120K, reserved 1067008K
  class space    used 2487K, capacity 2566K, committed 2688K, reserved 1048576K
Event: 1.235 GC heap after
Heap after GC invocations=5 (full 0):
 PSYoungGen      total 35328K, used 2544K [0x00000000eb400000, 0x00000000f0300000, 0x0000000100000000)
  eden space 32768K, 0% used [0x00000000eb400000,0x00000000eb400000,0x00000000ed400000)
  from space 2560K, 99% used [0x00000000ed400000,0x00000000ed67c010,0x00000000ed680000)
  to   space 7680K, 0% used [0x00000000efb80000,0x00000000efb80000,0x00000000f0300000)
 ParOldGen       total 44032K, used 11742K [0x00000000c1c00000, 0x00000000c4700000, 0x00000000eb400000)
  object space 44032K, 26% used [0x00000000c1c00000,0x00000000c2777ad0,0x00000000c4700000)
 Metaspace       used 20686K, capacity 20946K, committed 21120K, reserved 1067008K
  class space    used 2487K, capacity 2566K, committed 2688K, reserved 1048576K
}
Event: 1.265 GC heap before
{Heap before GC invocations=6 (full 0):
 PSYoungGen      total 35328K, used 5157K [0x00000000eb400000, 0x00000000f0300000, 0x0000000100000000)
  eden space 32768K, 7% used [0x00000000eb400000,0x00000000eb68d520,0x00000000ed400000)
  from space 2560K, 99% used [0x00000000ed400000,0x00000000ed67c010,0x00000000ed680000)
  to   space 7680K, 0% used [0x00000000efb80000,0x00000000efb80000,0x00000000f0300000)
 ParOldGen       total 44032K, used 11742K [0x00000000c1c00000, 0x00000000c4700000, 0x00000000eb400000)
  object space 44032K, 26% used [0x00000000c1c00000,0x00000000c2777ad0,0x00000000c4700000)
 Metaspace       used 20810K, capacity 21080K, committed 21296K, reserved 1069056K
  class space    used 2501K, capacity 2567K, committed 2688K, reserved 1048576K
Event: 1.270 GC heap after
Heap after GC invocations=6 (full 0):
 PSYoungGen      total 72704K, used 2816K [0x00000000eb400000, 0x00000000f0400000, 0x0000000100000000)
  eden space 65024K, 0% used [0x00000000eb400000,0x00000000eb400000,0x00000000ef380000)
  from space 7680K, 36% used [0x00000000efb80000,0x00000000efe40000,0x00000000f0300000)
  to   space 8192K, 0% used [0x00000000ef380000,0x00000000ef380000,0x00000000efb80000)
 ParOldGen       total 44032K, used 11750K [0x00000000c1c00000, 0x00000000c4700000, 0x00000000eb400000)
  object space 44032K, 26% used [0x00000000c1c00000,0x00000000c2779ad0,0x00000000c4700000)
 Metaspace       used 20810K, capacity 21080K, committed 21296K, reserved 1069056K
  class space    used 2501K, capacity 2567K, committed 2688K, reserved 1048576K
}
Event: 1.270 GC heap before
{Heap before GC invocations=7 (full 1):
 PSYoungGen      total 72704K, used 2816K [0x00000000eb400000, 0x00000000f0400000, 0x0000000100000000)
  eden space 65024K, 0% used [0x00000000eb400000,0x00000000eb400000,0x00000000ef380000)
  from space 7680K, 36% used [0x00000000efb80000,0x00000000efe40000,0x00000000f0300000)
  to   space 8192K, 0% used [0x00000000ef380000,0x00000000ef380000,0x00000000efb80000)
 ParOldGen       total 44032K, used 11750K [0x00000000c1c00000, 0x00000000c4700000, 0x00000000eb400000)
  object space 44032K, 26% used [0x00000000c1c00000,0x00000000c2779ad0,0x00000000c4700000)
 Metaspace       used 20810K, capacity 21080K, committed 21296K, reserved 1069056K
  class space    used 2501K, capacity 2567K, committed 2688K, reserved 1048576K
Event: 1.309 GC heap after
Heap after GC invocations=7 (full 1):
 PSYoungGen      total 72704K, used 0K [0x00000000eb400000, 0x00000000f0400000, 0x0000000100000000)
  eden space 65024K, 0% used [0x00000000eb400000,0x00000000eb400000,0x00000000ef380000)
  from space 7680K, 0% used [0x00000000efb80000,0x00000000efb80000,0x00000000f0300000)
  to   space 8192K, 0% used [0x00000000ef380000,0x00000000ef380000,0x00000000efb80000)
 ParOldGen       total 34304K, used 6150K [0x00000000c1c00000, 0x00000000c3d80000, 0x00000000eb400000)
  object space 34304K, 17% used [0x00000000c1c00000,0x00000000c2201938,0x00000000c3d80000)
 Metaspace       used 20810K, capacity 21080K, committed 21296K, reserved 1069056K
  class space    used 2501K, capacity 2567K, committed 2688K, reserved 1048576K
}
Event: 2.192 GC heap before
{Heap before GC invocations=8 (full 1):
 PSYoungGen      total 72704K, used 65024K [0x00000000eb400000, 0x00000000f0400000, 0x0000000100000000)
  eden space 65024K, 100% used [0x00000000eb400000,0x00000000ef380000,0x00000000ef380000)
  from space 7680K, 0% used [0x00000000efb80000,0x00000000efb80000,0x00000000f0300000)
  to   space 8192K, 0% used [0x00000000ef380000,0x00000000ef380000,0x00000000efb80000)
 ParOldGen       total 34304K, used 6150K [0x00000000c1c00000, 0x00000000c3d80000, 0x00000000eb400000)
  object space 34304K, 17% used [0x00000000c1c00000,0x00000000c2201938,0x00000000c3d80000)
 Metaspace       used 26131K, capacity 26434K, committed 26624K, reserved 1073152K
  class space    used 3192K, capacity 3278K, committed 3328K, reserved 1048576K
Event: 2.200 GC heap after
Heap after GC invocations=8 (full 1):
 PSYoungGen      total 73216K, used 8163K [0x00000000eb400000, 0x00000000f0400000, 0x0000000100000000)
  eden space 65024K, 0% used [0x00000000eb400000,0x00000000eb400000,0x00000000ef380000)
  from space 8192K, 99% used [0x00000000ef380000,0x00000000efb78d88,0x00000000efb80000)
  to   space 7680K, 0% used [0x00000000efb80000,0x00000000efb80000,0x00000000f0300000)
 ParOldGen       total 34304K, used 7222K [0x00000000c1c00000, 0x00000000c3d80000, 0x00000000eb400000)
  object space 34304K, 21% used [0x00000000c1c00000,0x00000000c230dbb8,0x00000000c3d80000)
 Metaspace       used 26131K, capacity 26434K, committed 26624K, reserved 1073152K
  class space    used 3192K, capacity 3278K, committed 3328K, reserved 1048576K
}

Deoptimization events (10 events):
Event: 1.397 Thread 0x0000000002ce2800 Uncommon trap: reason=class_check action=maybe_recompile pc=0x0000000003106ec8 method=java.util.concurrent.ConcurrentHashMap.putVal(Ljava/lang/Object;Ljava/lang/Object;Z)Ljava/lang/Object; @ 192
Event: 1.397 Thread 0x0000000002ce2800 Uncommon trap: reason=class_check action=maybe_recompile pc=0x0000000003106ec8 method=java.util.concurrent.ConcurrentHashMap.putVal(Ljava/lang/Object;Ljava/lang/Object;Z)Ljava/lang/Object; @ 192
Event: 1.579 Thread 0x0000000002ce2800 Uncommon trap: reason=unstable_if action=reinterpret pc=0x000000000310687c method=java.util.concurrent.ConcurrentHashMap.putVal(Ljava/lang/Object;Ljava/lang/Object;Z)Ljava/lang/Object; @ 206
Event: 1.783 Thread 0x0000000002ce2800 Uncommon trap: reason=unstable_if action=reinterpret pc=0x0000000003529f24 method=org.springframework.asm.Type.getArgumentsAndReturnSizes(Ljava/lang/String;)I @ 88
Event: 1.783 Thread 0x0000000002ce2800 Uncommon trap: reason=unstable_if action=reinterpret pc=0x000000000350ef80 method=org.springframework.asm.Type.getArgumentTypes(Ljava/lang/String;)[Lorg/springframework/asm/Type; @ 58
Event: 1.784 Thread 0x0000000002ce2800 Uncommon trap: reason=unstable_if action=reinterpret pc=0x00000000035bc92c method=org.springframework.asm.Type.getArgumentsAndReturnSizes(Ljava/lang/String;)I @ 88
Event: 1.923 Thread 0x0000000002ce2800 Uncommon trap: reason=unstable_if action=reinterpret pc=0x000000000310b594 method=java.lang.reflect.Method.equals(Ljava/lang/Object;)Z @ 1
Event: 2.122 Thread 0x0000000002ce2800 Uncommon trap: reason=unstable_if action=reinterpret pc=0x00000000034705c4 method=java.util.LinkedHashMap.get(Ljava/lang/Object;)Ljava/lang/Object; @ 20
Event: 2.132 Thread 0x0000000002ce2800 Uncommon trap: reason=unstable_if action=reinterpret pc=0x000000000306ab10 method=java.util.Properties.loadConvert([CII[C)Ljava/lang/String; @ 57
Event: 2.155 Thread 0x0000000002ce2800 Uncommon trap: reason=null_check action=make_not_entrant pc=0x00000000032469c4 method=org.apache.tomcat.util.IntrospectionUtils.findMethods(Ljava/lang/Class;)[Ljava/lang/reflect/Method; @ 7

Internal exceptions (10 events):
Event: 2.020 Thread 0x0000000002ce2800 Exception <a 'java/lang/ClassNotFoundException': org/springframework/boot/autoconfigure/web/ErrorViewResolverCustomizer> (0x00000000eec1f408) thrown at [C:\re\workspace\8-2-build-windows-amd64-cygwin\jdk8u111\7883\hotspot\src\share\vm\classfile\systemDict
Event: 2.020 Thread 0x0000000002ce2800 Exception <a 'java/lang/ClassNotFoundException': org/springframework/core/OrderedCustomizer> (0x00000000eec2cd60) thrown at [C:\re\workspace\8-2-build-windows-amd64-cygwin\jdk8u111\7883\hotspot\src\share\vm\classfile\systemDictionary.cpp, line 210]
Event: 2.034 Thread 0x0000000002ce2800 Exception <a 'java/lang/ClassNotFoundException': java/lang/ObjectCustomizer> (0x00000000eecdd8b0) thrown at [C:\re\workspace\8-2-build-windows-amd64-cygwin\jdk8u111\7883\hotspot\src\share\vm\classfile\systemDictionary.cpp, line 210]
Event: 2.034 Thread 0x0000000002ce2800 Exception <a 'java/lang/ClassNotFoundException': org/springframework/boot/autoconfigure/web/ErrorMvcAutoConfigurationCustomizer> (0x00000000eecf01b0) thrown at [C:\re\workspace\8-2-build-windows-amd64-cygwin\jdk8u111\7883\hotspot\src\share\vm\classfile\sy
Event: 2.035 Thread 0x0000000002ce2800 Exception <a 'java/lang/ClassNotFoundException': org/springframework/boot/autoconfigure/web/ErrorMvcAutoConfiguration$$EnhancerBySpringCGLIB$$f879c93dCustomizer> (0x00000000eed06d58) thrown at [C:\re\workspace\8-2-build-windows-amd64-cygwin\jdk8u111\7883\
Event: 2.036 Thread 0x0000000002ce2800 Exception <a 'java/lang/ClassNotFoundException': org/springframework/context/annotation/ConfigurationClassEnhancer$EnhancedConfigurationCustomizer> (0x00000000eed21f80) thrown at [C:\re\workspace\8-2-build-windows-amd64-cygwin\jdk8u111\7883\hotspot\src\sh
Event: 2.042 Thread 0x0000000002ce2800 Exception <a 'java/lang/ClassNotFoundException': java/lang/ObjectCustomizer> (0x00000000eedb4ff0) thrown at [C:\re\workspace\8-2-build-windows-amd64-cygwin\jdk8u111\7883\hotspot\src\share\vm\classfile\systemDictionary.cpp, line 210]
Event: 2.043 Thread 0x0000000002ce2800 Exception <a 'java/lang/ClassNotFoundException': org/springframework/boot/autoconfigure/web/ErrorMvcAutoConfiguration$ErrorPageCustomizerCustomizer> (0x00000000eedca128) thrown at [C:\re\workspace\8-2-build-windows-amd64-cygwin\jdk8u111\7883\hotspot\src\s
Event: 2.044 Thread 0x0000000002ce2800 Exception <a 'java/lang/ClassNotFoundException': org/springframework/boot/web/servlet/ErrorPageRegistrarCustomizer> (0x00000000eeddb880) thrown at [C:\re\workspace\8-2-build-windows-amd64-cygwin\jdk8u111\7883\hotspot\src\share\vm\classfile\systemDictionar
Event: 2.044 Thread 0x0000000002ce2800 Exception <a 'java/lang/ClassNotFoundException': org/springframework/core/OrderedCustomizer> (0x00000000eede62b0) thrown at [C:\re\workspace\8-2-build-windows-amd64-cygwin\jdk8u111\7883\hotspot\src\share\vm\classfile\systemDictionary.cpp, line 210]

Events (10 events):
Event: 2.207 loading class sun/nio/cs/ext/MacUkraine
Event: 2.207 loading class sun/nio/cs/ext/MacUkraine done
Event: 2.207 loading class sun/nio/cs/ext/MS932_0213
Event: 2.207 loading class sun/nio/cs/ext/MS932_0213 done
Event: 2.207 loading class sun/nio/cs/ext/MS950_HKSCS
Event: 2.207 loading class sun/nio/cs/ext/MS950_HKSCS done
Event: 2.207 loading class sun/nio/cs/ext/MS950_HKSCS_XP
Event: 2.207 loading class sun/nio/cs/ext/MS950_HKSCS_XP done
Event: 2.207 loading class sun/nio/cs/ext/MS936
Event: 2.207 loading class sun/nio/cs/ext/MS936 done


Dynamic libraries:
0x00007ff751b90000 - 0x00007ff751bc7000 	C:\Program Files\Java\jdk1.8.0_111\bin\java.exe
0x00007fff4f550000 - 0x00007fff4f6fd000 	C:\Windows\SYSTEM32\ntdll.dll
0x00007fff4f360000 - 0x00007fff4f49e000 	C:\Windows\system32\KERNEL32.DLL
0x00007fff4cab0000 - 0x00007fff4cbc6000 	C:\Windows\system32\KERNELBASE.dll
0x00007fff4af50000 - 0x00007fff4afde000 	C:\Windows\system32\apphelp.dll
0x00007fff3a540000 - 0x00007fff3a593000 	C:\Windows\AppPatch\AppPatch64\AcGenral.DLL
0x00007fff4f240000 - 0x00007fff4f2ea000 	C:\Windows\system32\msvcrt.dll
0x00007fff4ca80000 - 0x00007fff4caae000 	C:\Windows\system32\SspiCli.dll
0x00007fff4f1e0000 - 0x00007fff4f234000 	C:\Windows\system32\SHLWAPI.dll
0x00007fff4cfc0000 - 0x00007fff4d137000 	C:\Windows\system32\USER32.dll
0x00007fff4d330000 - 0x00007fff4d4c4000 	C:\Windows\system32\ole32.dll
0x00007fff4dcb0000 - 0x00007fff4f1dc000 	C:\Windows\system32\SHELL32.dll
0x00007fff4bc30000 - 0x00007fff4bc51000 	C:\Windows\SYSTEM32\USERENV.dll
0x00007fff4f4a0000 - 0x00007fff4f54a000 	C:\Windows\system32\ADVAPI32.dll
0x00007fff41f00000 - 0x00007fff41f1e000 	C:\Windows\SYSTEM32\MPR.dll
0x00007fff4d1f0000 - 0x00007fff4d330000 	C:\Windows\system32\RPCRT4.dll
0x00007fff4f2f0000 - 0x00007fff4f349000 	C:\Windows\SYSTEM32\sechost.dll
0x00007fff4d750000 - 0x00007fff4d962000 	C:\Windows\SYSTEM32\combase.dll
0x00007fff4cd00000 - 0x00007fff4ce4b000 	C:\Windows\system32\GDI32.dll
0x00007fff4c670000 - 0x00007fff4c685000 	C:\Windows\SYSTEM32\profapi.dll
0x00007fff4ae90000 - 0x00007fff4af42000 	C:\Windows\SYSTEM32\SHCORE.dll
0x00007fff4dc70000 - 0x00007fff4dca6000 	C:\Windows\system32\IMM32.DLL
0x00007fff4ce60000 - 0x00007fff4cfb1000 	C:\Windows\system32\MSCTF.dll
0x00007fff4a120000 - 0x00007fff4a39b000 	C:\Windows\WinSxS\amd64_microsoft.windows.common-controls_6595b64144ccf1df_6.0.9600.18006_none_623f33d3ecbe86e8\COMCTL32.dll
0x0000000072620000 - 0x00000000726f2000 	C:\Program Files\Java\jdk1.8.0_111\jre\bin\msvcr100.dll
0x0000000072700000 - 0x0000000072f9a000 	C:\Program Files\Java\jdk1.8.0_111\jre\bin\server\jvm.dll
0x00007fff48890000 - 0x00007fff48899000 	C:\Windows\SYSTEM32\WSOCK32.dll
0x00007fff3a5d0000 - 0x00007fff3a5f2000 	C:\Windows\SYSTEM32\WINMM.dll
0x00007fff46940000 - 0x00007fff4694a000 	C:\Windows\SYSTEM32\VERSION.dll
0x00007fff4d140000 - 0x00007fff4d147000 	C:\Windows\system32\PSAPI.DLL
0x00007fff4cca0000 - 0x00007fff4ccfa000 	C:\Windows\system32\WS2_32.dll
0x00007fff3a5a0000 - 0x00007fff3a5ca000 	C:\Windows\SYSTEM32\WINMMBASE.dll
0x00007fff4d150000 - 0x00007fff4d159000 	C:\Windows\system32\NSI.dll
0x00007fff4ca30000 - 0x00007fff4ca7f000 	C:\Windows\SYSTEM32\cfgmgr32.dll
0x00007fff4b4a0000 - 0x00007fff4b4c8000 	C:\Windows\SYSTEM32\DEVOBJ.dll
0x0000000073c40000 - 0x0000000073c4f000 	C:\Program Files\Java\jdk1.8.0_111\jre\bin\verify.dll
0x0000000073c10000 - 0x0000000073c39000 	C:\Program Files\Java\jdk1.8.0_111\jre\bin\java.dll
0x0000000073bf0000 - 0x0000000073c06000 	C:\Program Files\Java\jdk1.8.0_111\jre\bin\zip.dll
0x00000000723d0000 - 0x00000000723dd000 	C:\Program Files\Java\jdk1.8.0_111\jre\bin\management.dll
0x00000000738f0000 - 0x000000007390a000 	C:\Program Files\Java\jdk1.8.0_111\jre\bin\net.dll
0x00007fff4bea0000 - 0x00007fff4bef9000 	C:\Windows\system32\mswsock.dll
0x00007fff37bd0000 - 0x00007fff37be5000 	C:\Windows\system32\napinsp.dll
0x00007fff37bb0000 - 0x00007fff37bca000 	C:\Windows\system32\pnrpnsp.dll
0x00007fff4a100000 - 0x00007fff4a11b000 	C:\Windows\system32\NLAapi.dll
0x00007fff4bca0000 - 0x00007fff4bd44000 	C:\Windows\SYSTEM32\DNSAPI.dll
0x00007fff384c0000 - 0x00007fff384cd000 	C:\Windows\System32\winrnr.dll
0x00007fff37b90000 - 0x00007fff37ba4000 	C:\Windows\system32\wshbth.dll
0x00007fff38690000 - 0x00007fff3869a000 	C:\Windows\System32\rasadhlp.dll
0x00007fff486e0000 - 0x00007fff4870a000 	C:\Windows\SYSTEM32\IPHLPAPI.DLL
0x00007fff491f0000 - 0x00007fff491fa000 	C:\Windows\SYSTEM32\WINNSI.DLL
0x00007fff48420000 - 0x00007fff4848b000 	C:\Windows\System32\fwpuclnt.dll
0x00000000738d0000 - 0x00000000738e1000 	C:\Program Files\Java\jdk1.8.0_111\jre\bin\nio.dll
0x00007fff4bf00000 - 0x00007fff4bf20000 	C:\Windows\SYSTEM32\CRYPTSP.dll
0x00007fff4bb20000 - 0x00007fff4bb56000 	C:\Windows\system32\rsaenh.dll
0x00007fff4c150000 - 0x00007fff4c176000 	C:\Windows\SYSTEM32\bcrypt.dll
0x00007fff4c470000 - 0x00007fff4c4d3000 	C:\Windows\system32\bcryptprimitives.dll
0x00007fff4c4e0000 - 0x00007fff4c4eb000 	C:\Windows\SYSTEM32\CRYPTBASE.dll
0x00007fff485d0000 - 0x00007fff485e6000 	C:\Windows\SYSTEM32\dhcpcsvc6.DLL
0x00007fff48530000 - 0x00007fff4854a000 	C:\Windows\SYSTEM32\dhcpcsvc.DLL

VM Arguments:
java_command: poo2.ex.Lab1.Lab1Application
java_class_path (initial): C:\Users\user\Desktop\Lab1\target\classes;C:\Users\user\.m2\repository\org\springframework\boot\spring-boot-starter-thymeleaf\1.5.16.BUILD-SNAPSHOT\spring-boot-starter-thymeleaf-1.5.16.BUILD-SNAPSHOT.jar;C:\Users\user\.m2\repository\org\springframework\boot\spring-boot-starter\1.5.16.BUILD-SNAPSHOT\spring-boot-starter-1.5.16.BUILD-SNAPSHOT.jar;C:\Users\user\.m2\repository\org\springframework\boot\spring-boot\1.5.16.BUILD-SNAPSHOT\spring-boot-1.5.16.BUILD-SNAPSHOT.jar;C:\Users\user\.m2\repository\org\springframework\boot\spring-boot-autoconfigure\1.5.16.BUILD-SNAPSHOT\spring-boot-autoconfigure-1.5.16.BUILD-SNAPSHOT.jar;C:\Users\user\.m2\repository\org\springframework\boot\spring-boot-starter-logging\1.5.16.BUILD-SNAPSHOT\spring-boot-starter-logging-1.5.16.BUILD-SNAPSHOT.jar;C:\Users\user\.m2\repository\ch\qos\logback\logback-classic\1.1.11\logback-classic-1.1.11.jar;C:\Users\user\.m2\repository\ch\qos\logback\logback-core\1.1.11\logback-core-1.1.11.jar;C:\Users\user\.m2\repository\org\slf4j\jcl-over-slf4j\1.7.25\jcl-over-slf4j-1.7.25.jar;C:\Users\user\.m2\repository\org\slf4j\jul-to-slf4j\1.7.25\jul-to-slf4j-1.7.25.jar;C:\Users\user\.m2\repository\org\slf4j\log4j-over-slf4j\1.7.25\log4j-over-slf4j-1.7.25.jar;C:\Users\user\.m2\repository\org\yaml\snakeyaml\1.17\snakeyaml-1.17.jar;C:\Users\user\.m2\repository\org\thymeleaf\thymeleaf-spring4\2.1.6.RELEASE\thymeleaf-spring4-2.1.6.RELEASE.jar;C:\Users\user\.m2\repository\org\thymeleaf\thymeleaf\2.1.6.RELEASE\thymeleaf-2.1.6.RELEASE.jar;C:\Users\user\.m2\repository\ognl\ognl\3.0.8\ognl-3.0.8.jar;C:\Users\user\.m2\repository\org\javassist\javassist\3.21.0-GA\javassist-3.21.0-GA.jar;C:\Users\user\.m2\repository\org\unbescape\unbescape\1.1.0.RELEASE\unbescape-1.1.0.RELEASE.jar;C:\Users\user\.m2\repository\org\slf4j\slf4j-api\1.7.25\slf4j-api-1.7.25.jar;C:\Users\user\.m2\repository\nz\net\ultraq\thymeleaf\thymeleaf-layout-dialect\1.4.0\thymeleaf-layout-dialect-1.4.0.jar;C:\Users\user\.m2\repository
Launcher Type: SUN_STANDARD

Environment Variables:
JAVA_HOME=C:\Program Files\Java\jdk1.8.0_111
PATH=C:\Program Files\Microsoft MPI\Bin\;C:\ProgramData\Oracle\Java\javapath;C:\Windows\system32;C:\Windows;C:\Windows\System32\Wbem;C:\Windows\System32\WindowsPowerShell\v1.0\;C:\Program Files (x86)\Microsoft SQL Server\140\Tools\Binn\;C:\Program Files\Microsoft SQL Server\140\Tools\Binn\;C:\Program Files (x86)\Microsoft SQL Server\140\DTS\Binn\;C:\Program Files\Microsoft SQL Server\140\DTS\Binn\;C:\Program Files\Microsoft SQL Server\Client SDK\ODBC\130\Tools\Binn\;C:\Program Files (x86)\Microsoft SQL Server\Client SDK\ODBC\130\Tools\Binn\;C:\Program Files (x86)\Microsoft SQL Server\140\Tools\Binn\ManagementStudio\
USERNAME=user
OS=Windows_NT
PROCESSOR_IDENTIFIER=Intel64 Family 6 Model 158 Stepping 9, GenuineIntel



---------------  S Y S T E M  ---------------

OS: Windows 8.1 , 64 bit Build 9600 (6.3.9600.17415)

CPU:total 4 (2 cores per cpu, 2 threads per core) family 6 model 158 stepping 9, cmov, cx8, fxsr, mmx, sse, sse2, sse3, ssse3, sse4.1, sse4.2, popcnt, avx, avx2, aes, clmul, erms, 3dnowpref, lzcnt, ht, tsc, tscinvbit, bmi1, bmi2, adx

Memory: 4k page, physical 4075548k(945120k free), swap 4075548k(5064k free)

vm_info: Java HotSpot(TM) 64-Bit Server VM (25.111-b14) for windows-amd64 JRE (1.8.0_111-b14), built on Sep 22 2016 19:24:05 by "java_re" with MS VC++ 10.0 (VS2010)

time: Tue Aug 28 19:19:56 2018
elapsed time: 2 seconds (0d 0h 0m 2s)

