#
# There is insufficient memory for the Java Runtime Environment to continue.
# Native memory allocation (malloc) failed to allocate 847696 bytes for Chunk::new
# Possible reasons:
#   The system is out of physical RAM or swap space
#   In 32 bit mode, the process size limit was hit
# Possible solutions:
#   Reduce memory load on the system
#   Increase physical memory or swap space
#   Check if swap backing store is full
#   Use 64 bit Java on a 64 bit OS
#   Decrease Java heap size (-Xmx/-Xms)
#   Decrease number of Java threads
#   Decrease Java thread stack sizes (-Xss)
#   Set larger code cache with -XX:ReservedCodeCacheSize=
# This output file may be truncated or incomplete.
#
#  Out of Memory Error (allocation.cpp:390), pid=3712, tid=0x0000000000000ab4
#
# JRE version: Java(TM) SE Runtime Environment (8.0_111-b14) (build 1.8.0_111-b14)
# Java VM: Java HotSpot(TM) 64-Bit Server VM (25.111-b14 mixed mode windows-amd64 compressed oops)
# Failed to write core dump. Minidumps are not enabled by default on client versions of Windows
#

---------------  T H R E A D  ---------------

Current thread (0x0000000015341800):  JavaThread "C2 CompilerThread0" daemon [_thread_in_native, id=2740, stack(0x0000000016990000,0x0000000016a90000)]

Stack: [0x0000000016990000,0x0000000016a90000]
[error occurred during error reporting (printing stack bounds), id 0xc0000005]

Native frames: (J=compiled Java code, j=interpreted, Vv=VM code, C=native code)


Current CompileTask:
C2:   1235 1417   !   4       java.net.URL::<init> (543 bytes)


---------------  P R O C E S S  ---------------

Java Threads: ( => current thread )
  0x000000001701f800 JavaThread "background-preinit" [_thread_in_Java, id=5664, stack(0x0000000017e70000,0x0000000017f70000)]
  0x0000000016cc0800 JavaThread "Service Thread" daemon [_thread_blocked, id=732, stack(0x0000000017090000,0x0000000017190000)]
  0x000000001534c800 JavaThread "C1 CompilerThread2" daemon [_thread_in_vm, id=5256, stack(0x0000000016b90000,0x0000000016c90000)]
  0x0000000015344000 JavaThread "C2 CompilerThread1" daemon [_thread_in_native, id=6020, stack(0x0000000016a90000,0x0000000016b90000)]
=>0x0000000015341800 JavaThread "C2 CompilerThread0" daemon [_thread_in_native, id=2740, stack(0x0000000016990000,0x0000000016a90000)]
  0x0000000015340000 JavaThread "Attach Listener" daemon [_thread_blocked, id=4744, stack(0x0000000016890000,0x0000000016990000)]
  0x000000001533f000 JavaThread "Signal Dispatcher" daemon [_thread_blocked, id=6104, stack(0x0000000016790000,0x0000000016890000)]
  0x0000000002cae000 JavaThread "Finalizer" daemon [_thread_blocked, id=4420, stack(0x00000000165a0000,0x00000000166a0000)]
  0x0000000002ca3800 JavaThread "Reference Handler" daemon [_thread_blocked, id=2796, stack(0x00000000164a0000,0x00000000165a0000)]
  0x0000000002bb2800 JavaThread "main" [_thread_in_Java, id=464, stack(0x0000000002a10000,0x0000000002b10000)]

Other Threads:
  0x0000000015307800 VMThread [stack: 0x00000000163a0000,0x00000000164a0000] [id=1916]
  0x0000000016ce8000 WatcherThread [stack: 0x0000000017290000,0x0000000017390000] [id=2232]

VM state:not at safepoint (normal execution)

VM Mutex/Monitor currently owned by a thread: None

Heap:
 PSYoungGen      total 73216K, used 35513K [0x00000000eb400000, 0x00000000f0300000, 0x0000000100000000)
  eden space 65536K, 45% used [0x00000000eb400000,0x00000000ed13a6b8,0x00000000ef400000)
  from space 7680K, 72% used [0x00000000efb80000,0x00000000f00f4020,0x00000000f0300000)
  to   space 7680K, 0% used [0x00000000ef400000,0x00000000ef400000,0x00000000efb80000)
 ParOldGen       total 44032K, used 11074K [0x00000000c1c00000, 0x00000000c4700000, 0x00000000eb400000)
  object space 44032K, 25% used [0x00000000c1c00000,0x00000000c26d0850,0x00000000c4700000)
 Metaspace       used 19353K, capacity 19614K, committed 19840K, reserved 1067008K
  class space    used 2325K, capacity 2396K, committed 2432K, reserved 1048576K

Card table byte_map: [0x0000000012130000,0x0000000012330000] byte_map_base: 0x0000000011b22000

Marking Bits: (ParMarkBitMap*) 0x0000000072f1a6c0
 Begin Bits: [0x0000000012880000, 0x0000000013810000)
 End Bits:   [0x0000000013810000, 0x00000000147a0000)

Polling page: 0x0000000001230000

CodeCache: size=245760Kb used=5496Kb max_used=5496Kb free=240263Kb
 bounds [0x0000000002d70000, 0x00000000032e0000, 0x0000000011d70000]
 total_blobs=1911 nmethods=1550 adapters=273
 compilation: enabled

Compilation events (10 events):
Event: 1.232 Thread 0x000000001534c800 1553       2       jdk.internal.org.objectweb.asm.Item::isEqualTo (354 bytes)
Event: 1.232 Thread 0x000000001534c800 nmethod 1553 0x00000000032ccf90 code [0x00000000032cd180, 0x00000000032cd6a8]
Event: 1.232 Thread 0x000000001534c800 1554       2       jdk.internal.org.objectweb.asm.ByteVector::putInt (74 bytes)
Event: 1.232 Thread 0x000000001534c800 nmethod 1554 0x00000000032cda90 code [0x00000000032cdc00, 0x00000000032cde48]
Event: 1.233 Thread 0x000000001534c800 1557       2       java.util.Collections$UnmodifiableCollection$1::next (10 bytes)
Event: 1.233 Thread 0x000000001534c800 nmethod 1557 0x00000000032ce2d0 code [0x00000000032ce440, 0x00000000032ce5c8]
Event: 1.233 Thread 0x000000001534c800 1558       2       java.lang.invoke.MethodType::makeImpl (66 bytes)
Event: 1.234 Thread 0x000000001534c800 nmethod 1558 0x00000000032ce650 code [0x00000000032ce800, 0x00000000032cec48]
Event: 1.234 Thread 0x000000001534c800 1559       2       jdk.internal.org.objectweb.asm.Frame::push (110 bytes)
Event: 1.234 Thread 0x000000001534c800 nmethod 1559 0x00000000032ceed0 code [0x00000000032cf040, 0x00000000032cf408]

GC Heap History (10 events):
Event: 0.580 GC heap before
{Heap before GC invocations=2 (full 0):
 PSYoungGen      total 18944K, used 18938K [0x00000000eb400000, 0x00000000ec900000, 0x0000000100000000)
  eden space 16384K, 100% used [0x00000000eb400000,0x00000000ec400000,0x00000000ec400000)
  from space 2560K, 99% used [0x00000000ec400000,0x00000000ec67ea10,0x00000000ec680000)
  to   space 2560K, 0% used [0x00000000ec680000,0x00000000ec680000,0x00000000ec900000)
 ParOldGen       total 44032K, used 590K [0x00000000c1c00000, 0x00000000c4700000, 0x00000000eb400000)
  object space 44032K, 1% used [0x00000000c1c00000,0x00000000c1c938c8,0x00000000c4700000)
 Metaspace       used 9658K, capacity 9794K, committed 9984K, reserved 1058816K
  class space    used 1206K, capacity 1239K, committed 1280K, reserved 1048576K
Event: 0.583 GC heap after
Heap after GC invocations=2 (full 0):
 PSYoungGen      total 18944K, used 2531K [0x00000000eb400000, 0x00000000ed900000, 0x0000000100000000)
  eden space 16384K, 0% used [0x00000000eb400000,0x00000000eb400000,0x00000000ec400000)
  from space 2560K, 98% used [0x00000000ec680000,0x00000000ec8f8f88,0x00000000ec900000)
  to   space 2560K, 0% used [0x00000000ec400000,0x00000000ec400000,0x00000000ec680000)
 ParOldGen       total 44032K, used 1756K [0x00000000c1c00000, 0x00000000c4700000, 0x00000000eb400000)
  object space 44032K, 3% used [0x00000000c1c00000,0x00000000c1db73d0,0x00000000c4700000)
 Metaspace       used 9658K, capacity 9794K, committed 9984K, reserved 1058816K
  class space    used 1206K, capacity 1239K, committed 1280K, reserved 1048576K
}
Event: 0.676 GC heap before
{Heap before GC invocations=3 (full 0):
 PSYoungGen      total 18944K, used 18915K [0x00000000eb400000, 0x00000000ed900000, 0x0000000100000000)
  eden space 16384K, 100% used [0x00000000eb400000,0x00000000ec400000,0x00000000ec400000)
  from space 2560K, 98% used [0x00000000ec680000,0x00000000ec8f8f88,0x00000000ec900000)
  to   space 2560K, 0% used [0x00000000ec400000,0x00000000ec400000,0x00000000ec680000)
 ParOldGen       total 44032K, used 1756K [0x00000000c1c00000, 0x00000000c4700000, 0x00000000eb400000)
  object space 44032K, 3% used [0x00000000c1c00000,0x00000000c1db73d0,0x00000000c4700000)
 Metaspace       used 12423K, capacity 12546K, committed 12672K, reserved 1060864K
  class space    used 1534K, capacity 1559K, committed 1664K, reserved 1048576K
Event: 0.681 GC heap after
Heap after GC invocations=3 (full 0):
 PSYoungGen      total 18944K, used 2560K [0x00000000eb400000, 0x00000000ed900000, 0x0000000100000000)
  eden space 16384K, 0% used [0x00000000eb400000,0x00000000eb400000,0x00000000ec400000)
  from space 2560K, 100% used [0x00000000ec400000,0x00000000ec680000,0x00000000ec680000)
  to   space 2560K, 0% used [0x00000000ed680000,0x00000000ed680000,0x00000000ed900000)
 ParOldGen       total 44032K, used 4131K [0x00000000c1c00000, 0x00000000c4700000, 0x00000000eb400000)
  object space 44032K, 9% used [0x00000000c1c00000,0x00000000c2008f48,0x00000000c4700000)
 Metaspace       used 12423K, capacity 12546K, committed 12672K, reserved 1060864K
  class space    used 1534K, capacity 1559K, committed 1664K, reserved 1048576K
}
Event: 0.832 GC heap before
{Heap before GC invocations=4 (full 0):
 PSYoungGen      total 18944K, used 18944K [0x00000000eb400000, 0x00000000ed900000, 0x0000000100000000)
  eden space 16384K, 100% used [0x00000000eb400000,0x00000000ec400000,0x00000000ec400000)
  from space 2560K, 100% used [0x00000000ec400000,0x00000000ec680000,0x00000000ec680000)
  to   space 2560K, 0% used [0x00000000ed680000,0x00000000ed680000,0x00000000ed900000)
 ParOldGen       total 44032K, used 4131K [0x00000000c1c00000, 0x00000000c4700000, 0x00000000eb400000)
  object space 44032K, 9% used [0x00000000c1c00000,0x00000000c2008f48,0x00000000c4700000)
 Metaspace       used 16026K, capacity 16202K, committed 16384K, reserved 1062912K
  class space    used 1933K, capacity 1955K, committed 2048K, reserved 1048576K
Event: 0.839 GC heap after
Heap after GC invocations=4 (full 0):
 PSYoungGen      total 35328K, used 2528K [0x00000000eb400000, 0x00000000ed900000, 0x0000000100000000)
  eden space 32768K, 0% used [0x00000000eb400000,0x00000000eb400000,0x00000000ed400000)
  from space 2560K, 98% used [0x00000000ed680000,0x00000000ed8f8010,0x00000000ed900000)
  to   space 2560K, 0% used [0x00000000ed400000,0x00000000ed400000,0x00000000ed680000)
 ParOldGen       total 44032K, used 7272K [0x00000000c1c00000, 0x00000000c4700000, 0x00000000eb400000)
  object space 44032K, 16% used [0x00000000c1c00000,0x00000000c231a3e0,0x00000000c4700000)
 Metaspace       used 16026K, capacity 16202K, committed 16384K, reserved 1062912K
  class space    used 1933K, capacity 1955K, committed 2048K, reserved 1048576K
}
Event: 1.109 GC heap before
{Heap before GC invocations=5 (full 0):
 PSYoungGen      total 35328K, used 35296K [0x00000000eb400000, 0x00000000ed900000, 0x0000000100000000)
  eden space 32768K, 100% used [0x00000000eb400000,0x00000000ed400000,0x00000000ed400000)
  from space 2560K, 98% used [0x00000000ed680000,0x00000000ed8f8010,0x00000000ed900000)
  to   space 2560K, 0% used [0x00000000ed400000,0x00000000ed400000,0x00000000ed680000)
 ParOldGen       total 44032K, used 7272K [0x00000000c1c00000, 0x00000000c4700000, 0x00000000eb400000)
  object space 44032K, 16% used [0x00000000c1c00000,0x00000000c231a3e0,0x00000000c4700000)
 Metaspace       used 18417K, capacity 18656K, committed 18944K, reserved 1067008K
  class space    used 2219K, capacity 2252K, committed 2304K, reserved 1048576K
Event: 1.118 GC heap after
Heap after GC invocations=5 (full 0):
 PSYoungGen      total 35328K, used 2528K [0x00000000eb400000, 0x00000000f0300000, 0x0000000100000000)
  eden space 32768K, 0% used [0x00000000eb400000,0x00000000eb400000,0x00000000ed400000)
  from space 2560K, 98% used [0x00000000ed400000,0x00000000ed678020,0x00000000ed680000)
  to   space 7680K, 0% used [0x00000000efb80000,0x00000000efb80000,0x00000000f0300000)
 ParOldGen       total 44032K, used 11066K [0x00000000c1c00000, 0x00000000c4700000, 0x00000000eb400000)
  object space 44032K, 25% used [0x00000000c1c00000,0x00000000c26ce850,0x00000000c4700000)
 Metaspace       used 18417K, capacity 18656K, committed 18944K, reserved 1067008K
  class space    used 2219K, capacity 2252K, committed 2304K, reserved 1048576K
}
Event: 1.175 GC heap before
{Heap before GC invocations=6 (full 0):
 PSYoungGen      total 35328K, used 35296K [0x00000000eb400000, 0x00000000f0300000, 0x0000000100000000)
  eden space 32768K, 100% used [0x00000000eb400000,0x00000000ed400000,0x00000000ed400000)
  from space 2560K, 98% used [0x00000000ed400000,0x00000000ed678020,0x00000000ed680000)
  to   space 7680K, 0% used [0x00000000efb80000,0x00000000efb80000,0x00000000f0300000)
 ParOldGen       total 44032K, used 11066K [0x00000000c1c00000, 0x00000000c4700000, 0x00000000eb400000)
  object space 44032K, 25% used [0x00000000c1c00000,0x00000000c26ce850,0x00000000c4700000)
 Metaspace       used 18850K, capacity 19042K, committed 19328K, reserved 1067008K
  class space    used 2268K, capacity 2318K, committed 2432K, reserved 1048576K
Event: 1.182 GC heap after
Heap after GC invocations=6 (full 0):
 PSYoungGen      total 73216K, used 5584K [0x00000000eb400000, 0x00000000f0300000, 0x0000000100000000)
  eden space 65536K, 0% used [0x00000000eb400000,0x00000000eb400000,0x00000000ef400000)
  from space 7680K, 72% used [0x00000000efb80000,0x00000000f00f4020,0x00000000f0300000)
  to   space 7680K, 0% used [0x00000000ef400000,0x00000000ef400000,0x00000000efb80000)
 ParOldGen       total 44032K, used 11074K [0x00000000c1c00000, 0x00000000c4700000, 0x00000000eb400000)
  object space 44032K, 25% used [0x00000000c1c00000,0x00000000c26d0850,0x00000000c4700000)
 Metaspace       used 18850K, capacity 19042K, committed 19328K, reserved 1067008K
  class space    used 2268K, capacity 2318K, committed 2432K, reserved 1048576K
}

Deoptimization events (10 events):
Event: 1.002 Thread 0x0000000002bb2800 Uncommon trap: reason=unstable_if action=reinterpret pc=0x000000000304c588 method=java.util.zip.ZipCoder.getBytes(Ljava/lang/String;)[B @ 32
Event: 1.004 Thread 0x0000000002bb2800 Uncommon trap: reason=unstable_if action=reinterpret pc=0x0000000002ffea10 method=java.util.Properties.loadConvert([CII[C)Ljava/lang/String; @ 57
Event: 1.005 Thread 0x0000000002bb2800 Uncommon trap: reason=unstable_if action=reinterpret pc=0x0000000002f8ead4 method=java.lang.AbstractStringBuilder.append(Ljava/lang/String;)Ljava/lang/AbstractStringBuilder; @ 1
Event: 1.005 Thread 0x0000000002bb2800 Uncommon trap: reason=unstable_if action=reinterpret pc=0x0000000002f75e58 method=java.lang.AbstractStringBuilder.append(Ljava/lang/String;)Ljava/lang/AbstractStringBuilder; @ 1
Event: 1.056 Thread 0x0000000002bb2800 Uncommon trap: reason=class_check action=maybe_recompile pc=0x0000000003028fbc method=java.util.regex.Pattern$CharProperty.match(Ljava/util/regex/Matcher;ILjava/lang/CharSequence;)Z @ 37
Event: 1.056 Thread 0x0000000002bb2800 Uncommon trap: reason=class_check action=maybe_recompile pc=0x0000000003028fbc method=java.util.regex.Pattern$CharProperty.match(Ljava/util/regex/Matcher;ILjava/lang/CharSequence;)Z @ 37
Event: 1.056 Thread 0x0000000002bb2800 Uncommon trap: reason=class_check action=maybe_recompile pc=0x0000000003028fbc method=java.util.regex.Pattern$CharProperty.match(Ljava/util/regex/Matcher;ILjava/lang/CharSequence;)Z @ 37
Event: 1.056 Thread 0x0000000002bb2800 Uncommon trap: reason=class_check action=maybe_recompile pc=0x0000000003028fbc method=java.util.regex.Pattern$CharProperty.match(Ljava/util/regex/Matcher;ILjava/lang/CharSequence;)Z @ 37
Event: 1.127 Thread 0x000000001701f800 Uncommon trap: reason=class_check action=maybe_recompile pc=0x0000000003295178 method=java.util.regex.Pattern$Curly.match0(Ljava/util/regex/Matcher;IILjava/lang/CharSequence;)Z @ 31
Event: 1.127 Thread 0x000000001701f800 Uncommon trap: reason=class_check action=maybe_recompile pc=0x0000000003295178 method=java.util.regex.Pattern$Curly.match0(Ljava/util/regex/Matcher;IILjava/lang/CharSequence;)Z @ 31

Internal exceptions (10 events):
Event: 0.953 Thread 0x0000000002bb2800 Exception <a 'java/lang/ClassNotFoundException': org/springframework/core/PriorityOrderedCustomizer> (0x00000000ebb02dc0) thrown at [C:\re\workspace\8-2-build-windows-amd64-cygwin\jdk8u111\7883\hotspot\src\share\vm\classfile\systemDictionary.cpp, line 210
Event: 0.954 Thread 0x0000000002bb2800 Exception <a 'java/lang/ClassNotFoundException': org/springframework/context/ResourceLoaderAwareCustomizer> (0x00000000ebb0f058) thrown at [C:\re\workspace\8-2-build-windows-amd64-cygwin\jdk8u111\7883\hotspot\src\share\vm\classfile\systemDictionary.cpp, l
Event: 0.954 Thread 0x0000000002bb2800 Exception <a 'java/lang/ClassNotFoundException': org/springframework/beans/factory/BeanClassLoaderAwareCustomizer> (0x00000000ebb1d500) thrown at [C:\re\workspace\8-2-build-windows-amd64-cygwin\jdk8u111\7883\hotspot\src\share\vm\classfile\systemDictionary
Event: 0.954 Thread 0x0000000002bb2800 Exception <a 'java/lang/ClassNotFoundException': org/springframework/context/EnvironmentAwareCustomizer> (0x00000000ebb2a3a0) thrown at [C:\re\workspace\8-2-build-windows-amd64-cygwin\jdk8u111\7883\hotspot\src\share\vm\classfile\systemDictionary.cpp, line
Event: 1.002 Thread 0x0000000002bb2800 Exception <a 'java/io/FileNotFoundException'> (0x00000000ebd657a8) thrown at [C:\re\workspace\8-2-build-windows-amd64-cygwin\jdk8u111\7883\hotspot\src\share\vm\prims\jni.cpp, line 709]
Event: 1.003 Thread 0x0000000002bb2800 Exception <a 'java/io/FileNotFoundException'> (0x00000000ebd665c0) thrown at [C:\re\workspace\8-2-build-windows-amd64-cygwin\jdk8u111\7883\hotspot\src\share\vm\prims\jni.cpp, line 709]
Event: 1.005 Thread 0x0000000002bb2800 Implicit null exception at 0x0000000002f8e716 to 0x0000000002f8eab9
Event: 1.005 Thread 0x0000000002bb2800 Implicit null exception at 0x0000000002f75a96 to 0x0000000002f75e41
Event: 1.028 Thread 0x0000000002bb2800 Exception <a 'java/io/FileNotFoundException'> (0x00000000ebee0f80) thrown at [C:\re\workspace\8-2-build-windows-amd64-cygwin\jdk8u111\7883\hotspot\src\share\vm\prims\jni.cpp, line 709]
Event: 1.028 Thread 0x0000000002bb2800 Exception <a 'java/io/FileNotFoundException'> (0x00000000ebee1e50) thrown at [C:\re\workspace\8-2-build-windows-amd64-cygwin\jdk8u111\7883\hotspot\src\share\vm\prims\jni.cpp, line 709]

Events (10 events):
Event: 1.204 loading class java/lang/invoke/DelegatingMethodHandle done
Event: 1.204 loading class java/lang/invoke/MethodHandleImpl$AsVarargsCollector done
Event: 1.204 loading class java/lang/invoke/WrongMethodTypeException
Event: 1.204 loading class java/lang/invoke/WrongMethodTypeException done
Event: 1.208 loading class java/lang/invoke/MethodHandleImpl$Lazy
Event: 1.208 loading class java/lang/invoke/MethodHandleImpl$Lazy done
Event: 1.209 loading class java/lang/invoke/MethodHandleImpl$IntrinsicMethodHandle
Event: 1.209 loading class java/lang/invoke/MethodHandleImpl$IntrinsicMethodHandle done
Event: 1.225 Thread 0x000000001701f800 DEOPT PACKING pc=0x00000000032b08b1 sp=0x0000000017f6b3b0
Event: 1.225 Thread 0x000000001701f800 DEOPT UNPACKING pc=0x0000000002db787f sp=0x0000000017f6b108 mode 0


Dynamic libraries:
0x00007ff751b90000 - 0x00007ff751bc7000 	C:\Program Files\Java\jdk1.8.0_111\bin\java.exe
0x00007fff4f550000 - 0x00007fff4f6fd000 	C:\Windows\SYSTEM32\ntdll.dll
0x00007fff4f360000 - 0x00007fff4f49e000 	C:\Windows\system32\KERNEL32.DLL
0x00007fff4cab0000 - 0x00007fff4cbc6000 	C:\Windows\system32\KERNELBASE.dll
0x00007fff4af50000 - 0x00007fff4afde000 	C:\Windows\system32\apphelp.dll
0x00007fff30320000 - 0x00007fff30373000 	C:\Windows\AppPatch\AppPatch64\AcGenral.DLL
0x00007fff4f240000 - 0x00007fff4f2ea000 	C:\Windows\system32\msvcrt.dll
0x00007fff4ca80000 - 0x00007fff4caae000 	C:\Windows\system32\SspiCli.dll
0x00007fff4f1e0000 - 0x00007fff4f234000 	C:\Windows\system32\SHLWAPI.dll
0x00007fff4cfc0000 - 0x00007fff4d137000 	C:\Windows\system32\USER32.dll
0x00007fff4d330000 - 0x00007fff4d4c4000 	C:\Windows\system32\ole32.dll
0x00007fff4dcb0000 - 0x00007fff4f1dc000 	C:\Windows\system32\SHELL32.dll
0x00007fff4bc30000 - 0x00007fff4bc51000 	C:\Windows\SYSTEM32\USERENV.dll
0x00007fff4f4a0000 - 0x00007fff4f54a000 	C:\Windows\system32\ADVAPI32.dll
0x00007fff41f00000 - 0x00007fff41f1e000 	C:\Windows\SYSTEM32\MPR.dll
0x00007fff4d1f0000 - 0x00007fff4d330000 	C:\Windows\system32\RPCRT4.dll
0x00007fff4f2f0000 - 0x00007fff4f349000 	C:\Windows\SYSTEM32\sechost.dll
0x00007fff4d750000 - 0x00007fff4d962000 	C:\Windows\SYSTEM32\combase.dll
0x00007fff4cd00000 - 0x00007fff4ce4b000 	C:\Windows\system32\GDI32.dll
0x00007fff4c670000 - 0x00007fff4c685000 	C:\Windows\SYSTEM32\profapi.dll
0x00007fff4ae90000 - 0x00007fff4af42000 	C:\Windows\SYSTEM32\SHCORE.dll
0x00007fff4dc70000 - 0x00007fff4dca6000 	C:\Windows\system32\IMM32.DLL
0x00007fff4ce60000 - 0x00007fff4cfb1000 	C:\Windows\system32\MSCTF.dll
0x00007fff4a120000 - 0x00007fff4a39b000 	C:\Windows\WinSxS\amd64_microsoft.windows.common-controls_6595b64144ccf1df_6.0.9600.18006_none_623f33d3ecbe86e8\COMCTL32.dll
0x0000000072620000 - 0x00000000726f2000 	C:\Program Files\Java\jdk1.8.0_111\jre\bin\msvcr100.dll
0x0000000072700000 - 0x0000000072f9a000 	C:\Program Files\Java\jdk1.8.0_111\jre\bin\server\jvm.dll
0x00007fff48890000 - 0x00007fff48899000 	C:\Windows\SYSTEM32\WSOCK32.dll
0x00007fff3a5d0000 - 0x00007fff3a5f2000 	C:\Windows\SYSTEM32\WINMM.dll
0x00007fff46940000 - 0x00007fff4694a000 	C:\Windows\SYSTEM32\VERSION.dll
0x00007fff4d140000 - 0x00007fff4d147000 	C:\Windows\system32\PSAPI.DLL
0x00007fff4cca0000 - 0x00007fff4ccfa000 	C:\Windows\system32\WS2_32.dll
0x00007fff3a5a0000 - 0x00007fff3a5ca000 	C:\Windows\SYSTEM32\WINMMBASE.dll
0x00007fff4d150000 - 0x00007fff4d159000 	C:\Windows\system32\NSI.dll
0x00007fff4ca30000 - 0x00007fff4ca7f000 	C:\Windows\SYSTEM32\cfgmgr32.dll
0x00007fff4b4a0000 - 0x00007fff4b4c8000 	C:\Windows\SYSTEM32\DEVOBJ.dll
0x0000000073c40000 - 0x0000000073c4f000 	C:\Program Files\Java\jdk1.8.0_111\jre\bin\verify.dll
0x0000000073c10000 - 0x0000000073c39000 	C:\Program Files\Java\jdk1.8.0_111\jre\bin\java.dll
0x0000000073bf0000 - 0x0000000073c06000 	C:\Program Files\Java\jdk1.8.0_111\jre\bin\zip.dll
0x00000000723d0000 - 0x00000000723dd000 	C:\Program Files\Java\jdk1.8.0_111\jre\bin\management.dll
0x00000000738f0000 - 0x000000007390a000 	C:\Program Files\Java\jdk1.8.0_111\jre\bin\net.dll
0x00007fff4bea0000 - 0x00007fff4bef9000 	C:\Windows\system32\mswsock.dll
0x00007fff37bd0000 - 0x00007fff37be5000 	C:\Windows\system32\napinsp.dll
0x00007fff37bb0000 - 0x00007fff37bca000 	C:\Windows\system32\pnrpnsp.dll
0x00007fff4a100000 - 0x00007fff4a11b000 	C:\Windows\system32\NLAapi.dll
0x00007fff4bca0000 - 0x00007fff4bd44000 	C:\Windows\SYSTEM32\DNSAPI.dll
0x00007fff384c0000 - 0x00007fff384cd000 	C:\Windows\System32\winrnr.dll
0x00007fff37b90000 - 0x00007fff37ba4000 	C:\Windows\system32\wshbth.dll
0x00007fff38690000 - 0x00007fff3869a000 	C:\Windows\System32\rasadhlp.dll
0x00007fff486e0000 - 0x00007fff4870a000 	C:\Windows\SYSTEM32\IPHLPAPI.DLL
0x00007fff491f0000 - 0x00007fff491fa000 	C:\Windows\SYSTEM32\WINNSI.DLL
0x00007fff48420000 - 0x00007fff4848b000 	C:\Windows\System32\fwpuclnt.dll
0x00000000738d0000 - 0x00000000738e1000 	C:\Program Files\Java\jdk1.8.0_111\jre\bin\nio.dll

VM Arguments:
java_command: poo2.ex.Lab1.Lab1Application
java_class_path (initial): C:\Users\user\Desktop\Lab1\target\classes;C:\Users\user\.m2\repository\org\springframework\boot\spring-boot-starter-thymeleaf\1.5.16.BUILD-SNAPSHOT\spring-boot-starter-thymeleaf-1.5.16.BUILD-SNAPSHOT.jar;C:\Users\user\.m2\repository\org\springframework\boot\spring-boot-starter\1.5.16.BUILD-SNAPSHOT\spring-boot-starter-1.5.16.BUILD-SNAPSHOT.jar;C:\Users\user\.m2\repository\org\springframework\boot\spring-boot\1.5.16.BUILD-SNAPSHOT\spring-boot-1.5.16.BUILD-SNAPSHOT.jar;C:\Users\user\.m2\repository\org\springframework\boot\spring-boot-autoconfigure\1.5.16.BUILD-SNAPSHOT\spring-boot-autoconfigure-1.5.16.BUILD-SNAPSHOT.jar;C:\Users\user\.m2\repository\org\springframework\boot\spring-boot-starter-logging\1.5.16.BUILD-SNAPSHOT\spring-boot-starter-logging-1.5.16.BUILD-SNAPSHOT.jar;C:\Users\user\.m2\repository\ch\qos\logback\logback-classic\1.1.11\logback-classic-1.1.11.jar;C:\Users\user\.m2\repository\ch\qos\logback\logback-core\1.1.11\logback-core-1.1.11.jar;C:\Users\user\.m2\repository\org\slf4j\jcl-over-slf4j\1.7.25\jcl-over-slf4j-1.7.25.jar;C:\Users\user\.m2\repository\org\slf4j\jul-to-slf4j\1.7.25\jul-to-slf4j-1.7.25.jar;C:\Users\user\.m2\repository\org\slf4j\log4j-over-slf4j\1.7.25\log4j-over-slf4j-1.7.25.jar;C:\Users\user\.m2\repository\org\yaml\snakeyaml\1.17\snakeyaml-1.17.jar;C:\Users\user\.m2\repository\org\thymeleaf\thymeleaf-spring4\2.1.6.RELEASE\thymeleaf-spring4-2.1.6.RELEASE.jar;C:\Users\user\.m2\repository\org\thymeleaf\thymeleaf\2.1.6.RELEASE\thymeleaf-2.1.6.RELEASE.jar;C:\Users\user\.m2\repository\ognl\ognl\3.0.8\ognl-3.0.8.jar;C:\Users\user\.m2\repository\org\javassist\javassist\3.21.0-GA\javassist-3.21.0-GA.jar;C:\Users\user\.m2\repository\org\unbescape\unbescape\1.1.0.RELEASE\unbescape-1.1.0.RELEASE.jar;C:\Users\user\.m2\repository\org\slf4j\slf4j-api\1.7.25\slf4j-api-1.7.25.jar;C:\Users\user\.m2\repository\nz\net\ultraq\thymeleaf\thymeleaf-layout-dialect\1.4.0\thymeleaf-layout-dialect-1.4.0.jar;C:\Users\user\.m2\repository
Launcher Type: SUN_STANDARD

Environment Variables:
JAVA_HOME=C:\Program Files\Java\jdk1.8.0_111
PATH=C:\Program Files\Microsoft MPI\Bin\;C:\ProgramData\Oracle\Java\javapath;C:\Windows\system32;C:\Windows;C:\Windows\System32\Wbem;C:\Windows\System32\WindowsPowerShell\v1.0\;C:\Program Files (x86)\Microsoft SQL Server\140\Tools\Binn\;C:\Program Files\Microsoft SQL Server\140\Tools\Binn\;C:\Program Files (x86)\Microsoft SQL Server\140\DTS\Binn\;C:\Program Files\Microsoft SQL Server\140\DTS\Binn\;C:\Program Files\Microsoft SQL Server\Client SDK\ODBC\130\Tools\Binn\;C:\Program Files (x86)\Microsoft SQL Server\Client SDK\ODBC\130\Tools\Binn\;C:\Program Files (x86)\Microsoft SQL Server\140\Tools\Binn\ManagementStudio\
USERNAME=user
OS=Windows_NT
PROCESSOR_IDENTIFIER=Intel64 Family 6 Model 158 Stepping 9, GenuineIntel



---------------  S Y S T E M  ---------------

OS: Windows 8.1 , 64 bit Build 9600 (6.3.9600.17415)

CPU:total 4 (2 cores per cpu, 2 threads per core) family 6 model 158 stepping 9, cmov, cx8, fxsr, mmx, sse, sse2, sse3, ssse3, sse4.1, sse4.2, popcnt, avx, avx2, aes, clmul, erms, 3dnowpref, lzcnt, ht, tsc, tscinvbit, bmi1, bmi2, adx

Memory: 4k page, physical 4075548k(1050284k free), swap 4075548k(5880k free)

vm_info: Java HotSpot(TM) 64-Bit Server VM (25.111-b14) for windows-amd64 JRE (1.8.0_111-b14), built on Sep 22 2016 19:24:05 by "java_re" with MS VC++ 10.0 (VS2010)

time: Tue Aug 28 19:25:16 2018
elapsed time: 1 seconds (0d 0h 0m 1s)

