#
# There is insufficient memory for the Java Runtime Environment to continue.
# Native memory allocation (malloc) failed to allocate 516176 bytes for Chunk::new
# Possible reasons:
#   The system is out of physical RAM or swap space
#   In 32 bit mode, the process size limit was hit
# Possible solutions:
#   Reduce memory load on the system
#   Increase physical memory or swap space
#   Check if swap backing store is full
#   Use 64 bit Java on a 64 bit OS
#   Decrease Java heap size (-Xmx/-Xms)
#   Decrease number of Java threads
#   Decrease Java thread stack sizes (-Xss)
#   Set larger code cache with -XX:ReservedCodeCacheSize=
# This output file may be truncated or incomplete.
#
#  Out of Memory Error (allocation.cpp:390), pid=5748, tid=0x0000000000000618
#
# JRE version: Java(TM) SE Runtime Environment (8.0_111-b14) (build 1.8.0_111-b14)
# Java VM: Java HotSpot(TM) 64-Bit Server VM (25.111-b14 mixed mode windows-amd64 compressed oops)
# Failed to write core dump. Minidumps are not enabled by default on client versions of Windows
#

---------------  T H R E A D  ---------------

Current thread (0x0000000014bb3000):  JavaThread "C2 CompilerThread1" daemon [_thread_in_native, id=1560, stack(0x00000000162f0000,0x00000000163f0000)]

Stack: [0x00000000162f0000,0x00000000163f0000]
[error occurred during error reporting (printing stack bounds), id 0xc0000005]

Native frames: (J=compiled Java code, j=interpreted, Vv=VM code, C=native code)


Current CompileTask:
C2:    872  814   !   4       java.net.URL::<init> (543 bytes)


---------------  P R O C E S S  ---------------

Java Threads: ( => current thread )
  0x0000000017204800 JavaThread "background-preinit" [_thread_in_Java, id=2116, stack(0x00000000176d0000,0x00000000177d0000)]
  0x0000000014c0e000 JavaThread "Service Thread" daemon [_thread_blocked, id=5620, stack(0x00000000168f0000,0x00000000169f0000)]
  0x0000000014bbc000 JavaThread "C1 CompilerThread2" daemon [_thread_in_vm, id=1924, stack(0x00000000163f0000,0x00000000164f0000)]
=>0x0000000014bb3000 JavaThread "C2 CompilerThread1" daemon [_thread_in_native, id=1560, stack(0x00000000162f0000,0x00000000163f0000)]
  0x0000000014bb0000 JavaThread "C2 CompilerThread0" daemon [_thread_blocked, id=4636, stack(0x00000000161f0000,0x00000000162f0000)]
  0x0000000014baf000 JavaThread "Attach Listener" daemon [_thread_blocked, id=2496, stack(0x00000000160f0000,0x00000000161f0000)]
  0x0000000014bad800 JavaThread "Signal Dispatcher" daemon [_thread_blocked, id=4124, stack(0x0000000015ff0000,0x00000000160f0000)]
  0x0000000014b9a800 JavaThread "Finalizer" daemon [_thread_blocked, id=4080, stack(0x0000000015e00000,0x0000000015f00000)]
  0x00000000025d1800 JavaThread "Reference Handler" daemon [_thread_blocked, id=4708, stack(0x0000000015d00000,0x0000000015e00000)]
  0x00000000024e2800 JavaThread "main" [_thread_in_Java, id=5556, stack(0x0000000002310000,0x0000000002410000)]

Other Threads:
  0x0000000014b77800 VMThread [stack: 0x0000000015c00000,0x0000000015d00000] [id=2280]
  0x0000000016559000 WatcherThread [stack: 0x0000000016af0000,0x0000000016bf0000] [id=3644]

VM state:not at safepoint (normal execution)

VM Mutex/Monitor currently owned by a thread: None

Heap:
 PSYoungGen      total 18944K, used 15237K [0x00000000eb400000, 0x00000000ec900000, 0x0000000100000000)
  eden space 16384K, 77% used [0x00000000eb400000,0x00000000ec061768,0x00000000ec400000)
  from space 2560K, 100% used [0x00000000ec400000,0x00000000ec680000,0x00000000ec680000)
  to   space 2560K, 0% used [0x00000000ec680000,0x00000000ec680000,0x00000000ec900000)
 ParOldGen       total 44032K, used 4172K [0x00000000c1c00000, 0x00000000c4700000, 0x00000000eb400000)
  object space 44032K, 9% used [0x00000000c1c00000,0x00000000c2013310,0x00000000c4700000)
 Metaspace       used 15688K, capacity 15832K, committed 16000K, reserved 1062912K
  class space    used 1889K, capacity 1920K, committed 1920K, reserved 1048576K

Card table byte_map: [0x00000000119a0000,0x0000000011ba0000] byte_map_base: 0x0000000011392000

Marking Bits: (ParMarkBitMap*) 0x0000000072f1a6c0
 Begin Bits: [0x00000000120f0000, 0x0000000013080000)
 End Bits:   [0x0000000013080000, 0x0000000014010000)

Polling page: 0x0000000000b90000

CodeCache: size=245760Kb used=3267Kb max_used=3277Kb free=242492Kb
 bounds [0x00000000025e0000, 0x0000000002920000, 0x00000000115e0000]
 total_blobs=1210 nmethods=886 adapters=237
 compilation: enabled

Compilation events (10 events):
Event: 0.826 Thread 0x0000000014bbc000 nmethod 847 0x00000000028fbc90 code [0x00000000028fbde0, 0x00000000028fbf90]
Event: 0.827 Thread 0x0000000014bbc000  848       3       com.sun.org.apache.xerces.internal.util.XMLChar::isContent (35 bytes)
Event: 0.827 Thread 0x0000000014bbc000 nmethod 848 0x00000000028fc050 code [0x00000000028fc1c0, 0x00000000028fc430]
Event: 0.828 Thread 0x0000000014bbc000  849       3       com.sun.org.apache.xerces.internal.impl.XMLEntityScanner::checkEntityLimit (50 bytes)
Event: 0.828 Thread 0x0000000014bbc000 nmethod 849 0x00000000028fc510 code [0x00000000028fc6a0, 0x00000000028fcb18]
Event: 0.828 Thread 0x0000000014bbc000  850       3       com.sun.org.apache.xerces.internal.util.XMLChar::isSpace (22 bytes)
Event: 0.828 Thread 0x0000000014bbc000 nmethod 850 0x00000000028fcc50 code [0x00000000028fcdc0, 0x00000000028fcfb0]
Event: 0.829 Thread 0x0000000014bbc000  851       1       java.util.logging.Level::intValue (5 bytes)
Event: 0.829 Thread 0x0000000014bbc000 nmethod 851 0x00000000028fd090 code [0x00000000028fd1e0, 0x00000000028fd2f0]
Event: 0.830 Thread 0x0000000014bbc000  852       3       com.sun.org.apache.xerces.internal.impl.XMLEntityScanner::checkBeforeLoad (140 bytes)

GC Heap History (6 events):
Event: 0.442 GC heap before
{Heap before GC invocations=1 (full 0):
 PSYoungGen      total 18944K, used 16384K [0x00000000eb400000, 0x00000000ec900000, 0x0000000100000000)
  eden space 16384K, 100% used [0x00000000eb400000,0x00000000ec400000,0x00000000ec400000)
  from space 2560K, 0% used [0x00000000ec680000,0x00000000ec680000,0x00000000ec900000)
  to   space 2560K, 0% used [0x00000000ec400000,0x00000000ec400000,0x00000000ec680000)
 ParOldGen       total 44032K, used 0K [0x00000000c1c00000, 0x00000000c4700000, 0x00000000eb400000)
  object space 44032K, 0% used [0x00000000c1c00000,0x00000000c1c00000,0x00000000c4700000)
 Metaspace       used 7018K, capacity 7170K, committed 7296K, reserved 1056768K
  class space    used 831K, capacity 855K, committed 896K, reserved 1048576K
Event: 0.447 GC heap after
Heap after GC invocations=1 (full 0):
 PSYoungGen      total 18944K, used 2541K [0x00000000eb400000, 0x00000000ec900000, 0x0000000100000000)
  eden space 16384K, 0% used [0x00000000eb400000,0x00000000eb400000,0x00000000ec400000)
  from space 2560K, 99% used [0x00000000ec400000,0x00000000ec67b780,0x00000000ec680000)
  to   space 2560K, 0% used [0x00000000ec680000,0x00000000ec680000,0x00000000ec900000)
 ParOldGen       total 44032K, used 587K [0x00000000c1c00000, 0x00000000c4700000, 0x00000000eb400000)
  object space 44032K, 1% used [0x00000000c1c00000,0x00000000c1c92e58,0x00000000c4700000)
 Metaspace       used 7018K, capacity 7170K, committed 7296K, reserved 1056768K
  class space    used 831K, capacity 855K, committed 896K, reserved 1048576K
}
Event: 0.635 GC heap before
{Heap before GC invocations=2 (full 0):
 PSYoungGen      total 18944K, used 18925K [0x00000000eb400000, 0x00000000ec900000, 0x0000000100000000)
  eden space 16384K, 100% used [0x00000000eb400000,0x00000000ec400000,0x00000000ec400000)
  from space 2560K, 99% used [0x00000000ec400000,0x00000000ec67b780,0x00000000ec680000)
  to   space 2560K, 0% used [0x00000000ec680000,0x00000000ec680000,0x00000000ec900000)
 ParOldGen       total 44032K, used 587K [0x00000000c1c00000, 0x00000000c4700000, 0x00000000eb400000)
  object space 44032K, 1% used [0x00000000c1c00000,0x00000000c1c92e58,0x00000000c4700000)
 Metaspace       used 9688K, capacity 9794K, committed 9984K, reserved 1058816K
  class space    used 1210K, capacity 1239K, committed 1280K, reserved 1048576K
Event: 0.638 GC heap after
Heap after GC invocations=2 (full 0):
 PSYoungGen      total 18944K, used 2547K [0x00000000eb400000, 0x00000000ec900000, 0x0000000100000000)
  eden space 16384K, 0% used [0x00000000eb400000,0x00000000eb400000,0x00000000ec400000)
  from space 2560K, 99% used [0x00000000ec680000,0x00000000ec8fcc40,0x00000000ec900000)
  to   space 2560K, 0% used [0x00000000ec400000,0x00000000ec400000,0x00000000ec680000)
 ParOldGen       total 44032K, used 1745K [0x00000000c1c00000, 0x00000000c4700000, 0x00000000eb400000)
  object space 44032K, 3% used [0x00000000c1c00000,0x00000000c1db4738,0x00000000c4700000)
 Metaspace       used 9688K, capacity 9794K, committed 9984K, reserved 1058816K
  class space    used 1210K, capacity 1239K, committed 1280K, reserved 1048576K
}
Event: 0.727 GC heap before
{Heap before GC invocations=3 (full 0):
 PSYoungGen      total 18944K, used 18931K [0x00000000eb400000, 0x00000000ec900000, 0x0000000100000000)
  eden space 16384K, 100% used [0x00000000eb400000,0x00000000ec400000,0x00000000ec400000)
  from space 2560K, 99% used [0x00000000ec680000,0x00000000ec8fcc40,0x00000000ec900000)
  to   space 2560K, 0% used [0x00000000ec400000,0x00000000ec400000,0x00000000ec680000)
 ParOldGen       total 44032K, used 1747K [0x00000000c1c00000, 0x00000000c4700000, 0x00000000eb400000)
  object space 44032K, 3% used [0x00000000c1c00000,0x00000000c1db4ca0,0x00000000c4700000)
 Metaspace       used 12447K, capacity 12610K, committed 12928K, reserved 1060864K
  class space    used 1536K, capacity 1559K, committed 1664K, reserved 1048576K
Event: 0.731 GC heap after
Heap after GC invocations=3 (full 0):
 PSYoungGen      total 18944K, used 2560K [0x00000000eb400000, 0x00000000ec900000, 0x0000000100000000)
  eden space 16384K, 0% used [0x00000000eb400000,0x00000000eb400000,0x00000000ec400000)
  from space 2560K, 100% used [0x00000000ec400000,0x00000000ec680000,0x00000000ec680000)
  to   space 2560K, 0% used [0x00000000ec680000,0x00000000ec680000,0x00000000ec900000)
 ParOldGen       total 44032K, used 4172K [0x00000000c1c00000, 0x00000000c4700000, 0x00000000eb400000)
  object space 44032K, 9% used [0x00000000c1c00000,0x00000000c2013310,0x00000000c4700000)
 Metaspace       used 12447K, capacity 12610K, committed 12928K, reserved 1060864K
  class space    used 1536K, capacity 1559K, committed 1664K, reserved 1048576K
}

Deoptimization events (5 events):
Event: 0.412 Thread 0x00000000024e2800 Uncommon trap: reason=unstable_if action=reinterpret pc=0x000000000275e6e0 method=java.lang.String.indexOf([CII[CIII)I @ 3
Event: 0.673 Thread 0x00000000024e2800 Uncommon trap: reason=unstable_if action=reinterpret pc=0x000000000284b9a0 method=java.util.HashMap.hash(Ljava/lang/Object;)I @ 1
Event: 0.673 Thread 0x00000000024e2800 Uncommon trap: reason=unstable_if action=reinterpret pc=0x00000000028506a8 method=java.util.HashMap.hash(Ljava/lang/Object;)I @ 1
Event: 0.777 Thread 0x0000000017204800 Uncommon trap: reason=unstable_if action=reinterpret pc=0x00000000028bd250 method=java.util.Properties$LineReader.readLine()I @ 252
Event: 0.777 Thread 0x0000000017204800 Uncommon trap: reason=unstable_if action=reinterpret pc=0x000000000285ff10 method=java.util.Properties$LineReader.readLine()I @ 252

Internal exceptions (10 events):
Event: 0.344 Thread 0x00000000024e2800 Exception <a 'java/lang/ArrayIndexOutOfBoundsException'> (0x00000000ebe52ee8) thrown at [C:\re\workspace\8-2-build-windows-amd64-cygwin\jdk8u111\7883\hotspot\src\share\vm\runtime\sharedRuntime.cpp, line 605]
Event: 0.346 Thread 0x00000000024e2800 Exception <a 'java/lang/ArrayIndexOutOfBoundsException'> (0x00000000ebe5f768) thrown at [C:\re\workspace\8-2-build-windows-amd64-cygwin\jdk8u111\7883\hotspot\src\share\vm\runtime\sharedRuntime.cpp, line 605]
Event: 0.347 Thread 0x00000000024e2800 Exception <a 'java/lang/ArrayIndexOutOfBoundsException'> (0x00000000ebe6cca8) thrown at [C:\re\workspace\8-2-build-windows-amd64-cygwin\jdk8u111\7883\hotspot\src\share\vm\runtime\sharedRuntime.cpp, line 605]
Event: 0.359 Thread 0x00000000024e2800 Exception <a 'java/lang/ArrayIndexOutOfBoundsException'> (0x00000000ebf32228) thrown at [C:\re\workspace\8-2-build-windows-amd64-cygwin\jdk8u111\7883\hotspot\src\share\vm\runtime\sharedRuntime.cpp, line 605]
Event: 0.423 Thread 0x00000000024e2800 Exception <a 'java/io/FileNotFoundException'> (0x00000000ec2ade78) thrown at [C:\re\workspace\8-2-build-windows-amd64-cygwin\jdk8u111\7883\hotspot\src\share\vm\prims\jni.cpp, line 709]
Event: 0.507 Thread 0x00000000024e2800 Exception <a 'java/lang/ClassNotFoundException': java/lang/ObjectCustomizer> (0x00000000eb7e42d8) thrown at [C:\re\workspace\8-2-build-windows-amd64-cygwin\jdk8u111\7883\hotspot\src\share\vm\classfile\systemDictionary.cpp, line 210]
Event: 0.511 Thread 0x00000000024e2800 Exception <a 'java/lang/ClassNotFoundException': org/springframework/boot/SpringApplicationCustomizer> (0x00000000eb7f6838) thrown at [C:\re\workspace\8-2-build-windows-amd64-cygwin\jdk8u111\7883\hotspot\src\share\vm\classfile\systemDictionary.cpp, line 2
Event: 0.671 Thread 0x00000000024e2800 Exception <a 'java/lang/NoSuchMethodError': org.slf4j.impl.StaticMDCBinder.getSingleton()Lorg/slf4j/impl/StaticMDCBinder;> (0x00000000eba6b258) thrown at [C:\re\workspace\8-2-build-windows-amd64-cygwin\jdk8u111\7883\hotspot\src\share\vm\interpreter\linkRe
Event: 0.673 Thread 0x00000000024e2800 Implicit null exception at 0x000000000284b795 to 0x000000000284b991
Event: 0.673 Thread 0x00000000024e2800 Implicit null exception at 0x000000000285062f to 0x0000000002850699

Events (10 events):
Event: 0.828 loading class org/apache/tomcat/util/modeler/ManagedBean$1
Event: 0.828 loading class org/apache/tomcat/util/modeler/ManagedBean$1 done
Event: 0.829 loading class org/codehaus/groovy/runtime/metaclass/ClosureMetaMethod
Event: 0.829 loading class org/codehaus/groovy/runtime/metaclass/ClosureMetaMethod done
Event: 0.829 loading class org/apache/tomcat/util/buf/StringUtils
Event: 0.829 loading class org/apache/tomcat/util/buf/StringUtils done
Event: 0.829 loading class groovy/lang/ClosureInvokingMethod
Event: 0.829 loading class groovy/lang/ClosureInvokingMethod done
Event: 0.829 loading class org/codehaus/groovy/runtime/MetaClassHelper
Event: 0.829 loading class org/codehaus/groovy/runtime/MetaClassHelper done


Dynamic libraries:
0x00007ff751b90000 - 0x00007ff751bc7000 	C:\Program Files\Java\jdk1.8.0_111\bin\java.exe
0x00007fff4f550000 - 0x00007fff4f6fd000 	C:\Windows\SYSTEM32\ntdll.dll
0x00007fff4f360000 - 0x00007fff4f49e000 	C:\Windows\system32\KERNEL32.DLL
0x00007fff4cab0000 - 0x00007fff4cbc6000 	C:\Windows\system32\KERNELBASE.dll
0x00007fff4af50000 - 0x00007fff4afde000 	C:\Windows\system32\apphelp.dll
0x00007fff32340000 - 0x00007fff32393000 	C:\Windows\AppPatch\AppPatch64\AcGenral.DLL
0x00007fff4f240000 - 0x00007fff4f2ea000 	C:\Windows\system32\msvcrt.dll
0x00007fff4ca80000 - 0x00007fff4caae000 	C:\Windows\system32\SspiCli.dll
0x00007fff4f1e0000 - 0x00007fff4f234000 	C:\Windows\system32\SHLWAPI.dll
0x00007fff4cfc0000 - 0x00007fff4d137000 	C:\Windows\system32\USER32.dll
0x00007fff4d330000 - 0x00007fff4d4c4000 	C:\Windows\system32\ole32.dll
0x00007fff4dcb0000 - 0x00007fff4f1dc000 	C:\Windows\system32\SHELL32.dll
0x00007fff4bc30000 - 0x00007fff4bc51000 	C:\Windows\SYSTEM32\USERENV.dll
0x00007fff4f4a0000 - 0x00007fff4f54a000 	C:\Windows\system32\ADVAPI32.dll
0x00007fff41f00000 - 0x00007fff41f1e000 	C:\Windows\SYSTEM32\MPR.dll
0x00007fff4d1f0000 - 0x00007fff4d330000 	C:\Windows\system32\RPCRT4.dll
0x00007fff4f2f0000 - 0x00007fff4f349000 	C:\Windows\SYSTEM32\sechost.dll
0x00007fff4d750000 - 0x00007fff4d962000 	C:\Windows\SYSTEM32\combase.dll
0x00007fff4cd00000 - 0x00007fff4ce4b000 	C:\Windows\system32\GDI32.dll
0x00007fff4c670000 - 0x00007fff4c685000 	C:\Windows\SYSTEM32\profapi.dll
0x00007fff4ae90000 - 0x00007fff4af42000 	C:\Windows\SYSTEM32\SHCORE.dll
0x00007fff4dc70000 - 0x00007fff4dca6000 	C:\Windows\system32\IMM32.DLL
0x00007fff4ce60000 - 0x00007fff4cfb1000 	C:\Windows\system32\MSCTF.dll
0x00007fff4a120000 - 0x00007fff4a39b000 	C:\Windows\WinSxS\amd64_microsoft.windows.common-controls_6595b64144ccf1df_6.0.9600.18006_none_623f33d3ecbe86e8\COMCTL32.dll
0x0000000072620000 - 0x00000000726f2000 	C:\Program Files\Java\jdk1.8.0_111\jre\bin\msvcr100.dll
0x0000000072700000 - 0x0000000072f9a000 	C:\Program Files\Java\jdk1.8.0_111\jre\bin\server\jvm.dll
0x00007fff48890000 - 0x00007fff48899000 	C:\Windows\SYSTEM32\WSOCK32.dll
0x00007fff3a5d0000 - 0x00007fff3a5f2000 	C:\Windows\SYSTEM32\WINMM.dll
0x00007fff46940000 - 0x00007fff4694a000 	C:\Windows\SYSTEM32\VERSION.dll
0x00007fff4d140000 - 0x00007fff4d147000 	C:\Windows\system32\PSAPI.DLL
0x00007fff4cca0000 - 0x00007fff4ccfa000 	C:\Windows\system32\WS2_32.dll
0x00007fff3a5a0000 - 0x00007fff3a5ca000 	C:\Windows\SYSTEM32\WINMMBASE.dll
0x00007fff4d150000 - 0x00007fff4d159000 	C:\Windows\system32\NSI.dll
0x00007fff4ca30000 - 0x00007fff4ca7f000 	C:\Windows\SYSTEM32\cfgmgr32.dll
0x00007fff4b4a0000 - 0x00007fff4b4c8000 	C:\Windows\SYSTEM32\DEVOBJ.dll
0x0000000073c40000 - 0x0000000073c4f000 	C:\Program Files\Java\jdk1.8.0_111\jre\bin\verify.dll
0x0000000073c10000 - 0x0000000073c39000 	C:\Program Files\Java\jdk1.8.0_111\jre\bin\java.dll
0x0000000073bf0000 - 0x0000000073c06000 	C:\Program Files\Java\jdk1.8.0_111\jre\bin\zip.dll
0x00000000723d0000 - 0x00000000723dd000 	C:\Program Files\Java\jdk1.8.0_111\jre\bin\management.dll
0x00000000738f0000 - 0x000000007390a000 	C:\Program Files\Java\jdk1.8.0_111\jre\bin\net.dll
0x00007fff4bea0000 - 0x00007fff4bef9000 	C:\Windows\system32\mswsock.dll
0x00007fff37bd0000 - 0x00007fff37be5000 	C:\Windows\system32\napinsp.dll
0x00007fff37bb0000 - 0x00007fff37bca000 	C:\Windows\system32\pnrpnsp.dll
0x00007fff4a100000 - 0x00007fff4a11b000 	C:\Windows\system32\NLAapi.dll
0x00007fff4bca0000 - 0x00007fff4bd44000 	C:\Windows\SYSTEM32\DNSAPI.dll
0x00007fff384c0000 - 0x00007fff384cd000 	C:\Windows\System32\winrnr.dll
0x00007fff37b90000 - 0x00007fff37ba4000 	C:\Windows\system32\wshbth.dll
0x00007fff38690000 - 0x00007fff3869a000 	C:\Windows\System32\rasadhlp.dll
0x00007fff486e0000 - 0x00007fff4870a000 	C:\Windows\SYSTEM32\IPHLPAPI.DLL
0x00007fff491f0000 - 0x00007fff491fa000 	C:\Windows\SYSTEM32\WINNSI.DLL
0x00007fff48420000 - 0x00007fff4848b000 	C:\Windows\System32\fwpuclnt.dll

VM Arguments:
java_command: poo2.ex.Lab1.Lab1Application
java_class_path (initial): C:\Users\user\Desktop\Lab1\target\classes;C:\Users\user\.m2\repository\org\springframework\boot\spring-boot-starter-thymeleaf\1.5.16.BUILD-SNAPSHOT\spring-boot-starter-thymeleaf-1.5.16.BUILD-SNAPSHOT.jar;C:\Users\user\.m2\repository\org\springframework\boot\spring-boot-starter\1.5.16.BUILD-SNAPSHOT\spring-boot-starter-1.5.16.BUILD-SNAPSHOT.jar;C:\Users\user\.m2\repository\org\springframework\boot\spring-boot\1.5.16.BUILD-SNAPSHOT\spring-boot-1.5.16.BUILD-SNAPSHOT.jar;C:\Users\user\.m2\repository\org\springframework\boot\spring-boot-autoconfigure\1.5.16.BUILD-SNAPSHOT\spring-boot-autoconfigure-1.5.16.BUILD-SNAPSHOT.jar;C:\Users\user\.m2\repository\org\springframework\boot\spring-boot-starter-logging\1.5.16.BUILD-SNAPSHOT\spring-boot-starter-logging-1.5.16.BUILD-SNAPSHOT.jar;C:\Users\user\.m2\repository\ch\qos\logback\logback-classic\1.1.11\logback-classic-1.1.11.jar;C:\Users\user\.m2\repository\ch\qos\logback\logback-core\1.1.11\logback-core-1.1.11.jar;C:\Users\user\.m2\repository\org\slf4j\jcl-over-slf4j\1.7.25\jcl-over-slf4j-1.7.25.jar;C:\Users\user\.m2\repository\org\slf4j\jul-to-slf4j\1.7.25\jul-to-slf4j-1.7.25.jar;C:\Users\user\.m2\repository\org\slf4j\log4j-over-slf4j\1.7.25\log4j-over-slf4j-1.7.25.jar;C:\Users\user\.m2\repository\org\yaml\snakeyaml\1.17\snakeyaml-1.17.jar;C:\Users\user\.m2\repository\org\thymeleaf\thymeleaf-spring4\2.1.6.RELEASE\thymeleaf-spring4-2.1.6.RELEASE.jar;C:\Users\user\.m2\repository\org\thymeleaf\thymeleaf\2.1.6.RELEASE\thymeleaf-2.1.6.RELEASE.jar;C:\Users\user\.m2\repository\ognl\ognl\3.0.8\ognl-3.0.8.jar;C:\Users\user\.m2\repository\org\javassist\javassist\3.21.0-GA\javassist-3.21.0-GA.jar;C:\Users\user\.m2\repository\org\unbescape\unbescape\1.1.0.RELEASE\unbescape-1.1.0.RELEASE.jar;C:\Users\user\.m2\repository\org\slf4j\slf4j-api\1.7.25\slf4j-api-1.7.25.jar;C:\Users\user\.m2\repository\nz\net\ultraq\thymeleaf\thymeleaf-layout-dialect\1.4.0\thymeleaf-layout-dialect-1.4.0.jar;C:\Users\user\.m2\repository
Launcher Type: SUN_STANDARD

Environment Variables:
JAVA_HOME=C:\Program Files\Java\jdk1.8.0_111
PATH=C:\Program Files\Microsoft MPI\Bin\;C:\ProgramData\Oracle\Java\javapath;C:\Windows\system32;C:\Windows;C:\Windows\System32\Wbem;C:\Windows\System32\WindowsPowerShell\v1.0\;C:\Program Files (x86)\Microsoft SQL Server\140\Tools\Binn\;C:\Program Files\Microsoft SQL Server\140\Tools\Binn\;C:\Program Files (x86)\Microsoft SQL Server\140\DTS\Binn\;C:\Program Files\Microsoft SQL Server\140\DTS\Binn\;C:\Program Files\Microsoft SQL Server\Client SDK\ODBC\130\Tools\Binn\;C:\Program Files (x86)\Microsoft SQL Server\Client SDK\ODBC\130\Tools\Binn\;C:\Program Files (x86)\Microsoft SQL Server\140\Tools\Binn\ManagementStudio\
USERNAME=user
OS=Windows_NT
PROCESSOR_IDENTIFIER=Intel64 Family 6 Model 158 Stepping 9, GenuineIntel



---------------  S Y S T E M  ---------------

OS: Windows 8.1 , 64 bit Build 9600 (6.3.9600.17415)

CPU:total 4 (2 cores per cpu, 2 threads per core) family 6 model 158 stepping 9, cmov, cx8, fxsr, mmx, sse, sse2, sse3, ssse3, sse4.1, sse4.2, popcnt, avx, avx2, aes, clmul, erms, 3dnowpref, lzcnt, ht, tsc, tscinvbit, bmi1, bmi2, adx

Memory: 4k page, physical 4075548k(913040k free), swap 4075548k(5108k free)

vm_info: Java HotSpot(TM) 64-Bit Server VM (25.111-b14) for windows-amd64 JRE (1.8.0_111-b14), built on Sep 22 2016 19:24:05 by "java_re" with MS VC++ 10.0 (VS2010)

time: Tue Aug 28 19:27:56 2018
elapsed time: 0 seconds (0d 0h 0m 0s)

