#
# There is insufficient memory for the Java Runtime Environment to continue.
# Native memory allocation (malloc) failed to allocate 1048576 bytes for AllocateHeap
# Possible reasons:
#   The system is out of physical RAM or swap space
#   In 32 bit mode, the process size limit was hit
# Possible solutions:
#   Reduce memory load on the system
#   Increase physical memory or swap space
#   Check if swap backing store is full
#   Use 64 bit Java on a 64 bit OS
#   Decrease Java heap size (-Xmx/-Xms)
#   Decrease number of Java threads
#   Decrease Java thread stack sizes (-Xss)
#   Set larger code cache with -XX:ReservedCodeCacheSize=
# This output file may be truncated or incomplete.
#
#  Out of Memory Error (memory/allocation.inline.hpp:61), pid=5988, tid=0x00000000000008f0
#
# JRE version:  (8.0_111-b14) (build )
# Java VM: Java HotSpot(TM) 64-Bit Server VM (25.111-b14 mixed mode windows-amd64 compressed oops)
# Failed to write core dump. Minidumps are not enabled by default on client versions of Windows
#

---------------  T H R E A D  ---------------

Current thread (0x000000000293e000):  JavaThread "Unknown thread" [_thread_in_vm, id=2288, stack(0x0000000002820000,0x0000000002920000)]

Stack: [0x0000000002820000,0x0000000002920000]
[error occurred during error reporting (printing stack bounds), id 0xc0000005]

Native frames: (J=compiled Java code, j=interpreted, Vv=VM code, C=native code)


---------------  P R O C E S S  ---------------

Java Threads: ( => current thread )

Other Threads:

=>0x000000000293e000 (exited) JavaThread "Unknown thread" [_thread_in_vm, id=2288, stack(0x0000000002820000,0x0000000002920000)]

VM state:not at safepoint (normal execution)

VM Mutex/Monitor currently owned by a thread: None

Heap:
 PSYoungGen      total 18944K, used 327K [0x00000000eb400000, 0x00000000ec900000, 0x0000000100000000)
  eden space 16384K, 2% used [0x00000000eb400000,0x00000000eb451ec8,0x00000000ec400000)
  from space 2560K, 0% used [0x00000000ec680000,0x00000000ec680000,0x00000000ec900000)
  to   space 2560K, 0% used [0x00000000ec400000,0x00000000ec400000,0x00000000ec680000)
 ParOldGen       total 44032K, used 0K [0x00000000c1c00000, 0x00000000c4700000, 0x00000000eb400000)
  object space 44032K, 0% used [0x00000000c1c00000,0x00000000c1c00000,0x00000000c4700000)
 Metaspace       used 783K, capacity 1092K, committed 1152K, reserved 1060864K
  class space    used 75K, capacity 384K, committed 384K, reserved 1048576K

Card table byte_map: [0x0000000011e50000,0x0000000012050000] byte_map_base: 0x0000000011842000

Marking Bits: (ParMarkBitMap*) 0x0000000072f1a6c0
 Begin Bits: [0x00000000125a0000, 0x0000000013530000)
 End Bits:   [0x0000000013530000, 0x00000000144c0000)

Polling page: 0x0000000001250000

CodeCache: size=245760Kb used=328Kb max_used=328Kb free=245431Kb
 bounds [0x0000000002a90000, 0x0000000002d00000, 0x0000000011a90000]
 total_blobs=58 nmethods=0 adapters=38
 compilation: enabled

Compilation events (0 events):
No events

GC Heap History (0 events):
No events

Deoptimization events (0 events):
No events

Internal exceptions (0 events):
No events

Events (10 events):
Event: 0.017 loading class java/lang/Short
Event: 0.017 loading class java/lang/Short done
Event: 0.017 loading class java/lang/Integer
Event: 0.017 loading class java/lang/Integer done
Event: 0.017 loading class java/lang/Long
Event: 0.017 loading class java/lang/Long done
Event: 0.018 loading class java/lang/NullPointerException
Event: 0.018 loading class java/lang/NullPointerException done
Event: 0.018 loading class java/lang/ArithmeticException
Event: 0.018 loading class java/lang/ArithmeticException done


Dynamic libraries:
0x00007ff751b90000 - 0x00007ff751bc7000 	C:\Program Files\Java\jdk1.8.0_111\bin\java.exe
0x00007fff4f550000 - 0x00007fff4f6fd000 	C:\Windows\SYSTEM32\ntdll.dll
0x00007fff4f360000 - 0x00007fff4f49e000 	C:\Windows\system32\KERNEL32.DLL
0x00007fff4cab0000 - 0x00007fff4cbc6000 	C:\Windows\system32\KERNELBASE.dll
0x00007fff4af50000 - 0x00007fff4afde000 	C:\Windows\system32\apphelp.dll
0x00007fff32340000 - 0x00007fff32393000 	C:\Windows\AppPatch\AppPatch64\AcGenral.DLL
0x00007fff4f240000 - 0x00007fff4f2ea000 	C:\Windows\system32\msvcrt.dll
0x00007fff4ca80000 - 0x00007fff4caae000 	C:\Windows\system32\SspiCli.dll
0x00007fff4f1e0000 - 0x00007fff4f234000 	C:\Windows\system32\SHLWAPI.dll
0x00007fff4cfc0000 - 0x00007fff4d137000 	C:\Windows\system32\USER32.dll
0x00007fff4d330000 - 0x00007fff4d4c4000 	C:\Windows\system32\ole32.dll
0x00007fff4dcb0000 - 0x00007fff4f1dc000 	C:\Windows\system32\SHELL32.dll
0x00007fff4bc30000 - 0x00007fff4bc51000 	C:\Windows\SYSTEM32\USERENV.dll
0x00007fff4f4a0000 - 0x00007fff4f54a000 	C:\Windows\system32\ADVAPI32.dll
0x00007fff41f00000 - 0x00007fff41f1e000 	C:\Windows\SYSTEM32\MPR.dll
0x00007fff4d1f0000 - 0x00007fff4d330000 	C:\Windows\system32\RPCRT4.dll
0x00007fff4f2f0000 - 0x00007fff4f349000 	C:\Windows\SYSTEM32\sechost.dll
0x00007fff4d750000 - 0x00007fff4d962000 	C:\Windows\SYSTEM32\combase.dll
0x00007fff4cd00000 - 0x00007fff4ce4b000 	C:\Windows\system32\GDI32.dll
0x00007fff4c670000 - 0x00007fff4c685000 	C:\Windows\SYSTEM32\profapi.dll
0x00007fff4ae90000 - 0x00007fff4af42000 	C:\Windows\SYSTEM32\SHCORE.dll
0x00007fff4dc70000 - 0x00007fff4dca6000 	C:\Windows\system32\IMM32.DLL
0x00007fff4ce60000 - 0x00007fff4cfb1000 	C:\Windows\system32\MSCTF.dll
0x00007fff4a120000 - 0x00007fff4a39b000 	C:\Windows\WinSxS\amd64_microsoft.windows.common-controls_6595b64144ccf1df_6.0.9600.18006_none_623f33d3ecbe86e8\COMCTL32.dll
0x0000000072620000 - 0x00000000726f2000 	C:\Program Files\Java\jdk1.8.0_111\jre\bin\msvcr100.dll
0x0000000072700000 - 0x0000000072f9a000 	C:\Program Files\Java\jdk1.8.0_111\jre\bin\server\jvm.dll
0x00007fff48890000 - 0x00007fff48899000 	C:\Windows\SYSTEM32\WSOCK32.dll
0x00007fff3a5d0000 - 0x00007fff3a5f2000 	C:\Windows\SYSTEM32\WINMM.dll
0x00007fff46940000 - 0x00007fff4694a000 	C:\Windows\SYSTEM32\VERSION.dll
0x00007fff4d140000 - 0x00007fff4d147000 	C:\Windows\system32\PSAPI.DLL
0x00007fff4cca0000 - 0x00007fff4ccfa000 	C:\Windows\system32\WS2_32.dll
0x00007fff3a5a0000 - 0x00007fff3a5ca000 	C:\Windows\SYSTEM32\WINMMBASE.dll
0x00007fff4d150000 - 0x00007fff4d159000 	C:\Windows\system32\NSI.dll
0x00007fff4ca30000 - 0x00007fff4ca7f000 	C:\Windows\SYSTEM32\cfgmgr32.dll
0x00007fff4b4a0000 - 0x00007fff4b4c8000 	C:\Windows\SYSTEM32\DEVOBJ.dll
0x0000000073c40000 - 0x0000000073c4f000 	C:\Program Files\Java\jdk1.8.0_111\jre\bin\verify.dll
0x0000000073c10000 - 0x0000000073c39000 	C:\Program Files\Java\jdk1.8.0_111\jre\bin\java.dll
0x0000000073bf0000 - 0x0000000073c06000 	C:\Program Files\Java\jdk1.8.0_111\jre\bin\zip.dll

VM Arguments:
jvm_args: -Dclassworlds.conf=C:\Program Files\NetBeans 8.2\java\maven\bin\m2.conf -Dmaven.home=C:\Program Files\NetBeans 8.2\java\maven 
java_command: org.codehaus.plexus.classworlds.launcher.Launcher -Dexec.args=-classpath %classpath poo2.ex.Lab1.Lab1Application -Dexec.executable=C:\Program Files\Java\jdk1.8.0_111\bin\java.exe -Dexec.classpathScope=runtime -Dmaven.ext.class.path=C:\Program Files\NetBeans 8.2\java\maven-nblib\netbeans-eventspy.jar -Dfile.encoding=UTF-8 org.codehaus.mojo:exec-maven-plugin:1.2.1:exec
java_class_path (initial): C:\Program Files\NetBeans 8.2\java\maven\boot\plexus-classworlds-2.4.jar
Launcher Type: SUN_STANDARD

Environment Variables:
JAVA_HOME=C:\Program Files\Java\jdk1.8.0_111
PATH=C:\Program Files\Microsoft MPI\Bin\;C:\ProgramData\Oracle\Java\javapath;C:\Windows\system32;C:\Windows;C:\Windows\System32\Wbem;C:\Windows\System32\WindowsPowerShell\v1.0\;C:\Program Files (x86)\Microsoft SQL Server\140\Tools\Binn\;C:\Program Files\Microsoft SQL Server\140\Tools\Binn\;C:\Program Files (x86)\Microsoft SQL Server\140\DTS\Binn\;C:\Program Files\Microsoft SQL Server\140\DTS\Binn\;C:\Program Files\Microsoft SQL Server\Client SDK\ODBC\130\Tools\Binn\;C:\Program Files (x86)\Microsoft SQL Server\Client SDK\ODBC\130\Tools\Binn\;C:\Program Files (x86)\Microsoft SQL Server\140\Tools\Binn\ManagementStudio\
USERNAME=user
OS=Windows_NT
PROCESSOR_IDENTIFIER=Intel64 Family 6 Model 158 Stepping 9, GenuineIntel



---------------  S Y S T E M  ---------------

OS: Windows 8.1 , 64 bit Build 9600 (6.3.9600.17415)

CPU:total 4 (2 cores per cpu, 2 threads per core) family 6 model 158 stepping 9, cmov, cx8, fxsr, mmx, sse, sse2, sse3, ssse3, sse4.1, sse4.2, popcnt, avx, avx2, aes, clmul, erms, 3dnowpref, lzcnt, ht, tsc, tscinvbit, bmi1, bmi2, adx

Memory: 4k page, physical 4075548k(1175196k free), swap 4075548k(5408k free)

vm_info: Java HotSpot(TM) 64-Bit Server VM (25.111-b14) for windows-amd64 JRE (1.8.0_111-b14), built on Sep 22 2016 19:24:05 by "java_re" with MS VC++ 10.0 (VS2010)

time: Tue Aug 28 19:30:51 2018
elapsed time: 0 seconds (0d 0h 0m 0s)

