#
# There is insufficient memory for the Java Runtime Environment to continue.
# Native memory allocation (malloc) failed to allocate 2103856 bytes for Chunk::new
# Possible reasons:
#   The system is out of physical RAM or swap space
#   In 32 bit mode, the process size limit was hit
# Possible solutions:
#   Reduce memory load on the system
#   Increase physical memory or swap space
#   Check if swap backing store is full
#   Use 64 bit Java on a 64 bit OS
#   Decrease Java heap size (-Xmx/-Xms)
#   Decrease number of Java threads
#   Decrease Java thread stack sizes (-Xss)
#   Set larger code cache with -XX:ReservedCodeCacheSize=
# This output file may be truncated or incomplete.
#
#  Out of Memory Error (allocation.cpp:390), pid=6080, tid=0x0000000000000ea4
#
# JRE version: Java(TM) SE Runtime Environment (8.0_111-b14) (build 1.8.0_111-b14)
# Java VM: Java HotSpot(TM) 64-Bit Server VM (25.111-b14 mixed mode windows-amd64 compressed oops)
# Failed to write core dump. Minidumps are not enabled by default on client versions of Windows
#

---------------  T H R E A D  ---------------

Current thread (0x0000000014f31000):  JavaThread "C2 CompilerThread0" daemon [_thread_in_native, id=3748, stack(0x0000000016490000,0x0000000016590000)]

Stack: [0x0000000016490000,0x0000000016590000]
[error occurred during error reporting (printing stack bounds), id 0xc0000005]

Native frames: (J=compiled Java code, j=interpreted, Vv=VM code, C=native code)


Current CompileTask:
C2:   2294 2283       4       java.net.URLClassLoader$1::run (5 bytes)


---------------  P R O C E S S  ---------------

Java Threads: ( => current thread )
  0x00000000167c8800 JavaThread "Service Thread" daemon [_thread_blocked, id=5792, stack(0x0000000016b90000,0x0000000016c90000)]
  0x0000000014f40800 JavaThread "C1 CompilerThread2" daemon [_thread_blocked, id=4672, stack(0x0000000016690000,0x0000000016790000)]
  0x0000000014f33800 JavaThread "C2 CompilerThread1" daemon [_thread_in_native, id=2560, stack(0x0000000016590000,0x0000000016690000)]
=>0x0000000014f31000 JavaThread "C2 CompilerThread0" daemon [_thread_in_native, id=3748, stack(0x0000000016490000,0x0000000016590000)]
  0x0000000014f2f800 JavaThread "Attach Listener" daemon [_thread_blocked, id=1180, stack(0x0000000016390000,0x0000000016490000)]
  0x0000000014f2e800 JavaThread "Signal Dispatcher" daemon [_thread_blocked, id=3956, stack(0x0000000016290000,0x0000000016390000)]
  0x0000000014f19000 JavaThread "Finalizer" daemon [_thread_blocked, id=1980, stack(0x0000000016190000,0x0000000016290000)]
  0x0000000002954000 JavaThread "Reference Handler" daemon [_thread_blocked, id=3100, stack(0x0000000016090000,0x0000000016190000)]
  0x0000000002862800 JavaThread "main" [_thread_in_vm, id=4948, stack(0x0000000002760000,0x0000000002860000)]

Other Threads:
  0x0000000014ef7000 VMThread [stack: 0x0000000015f90000,0x0000000016090000] [id=1184]
  0x00000000167e5000 WatcherThread [stack: 0x0000000016d90000,0x0000000016e90000] [id=1956]

VM state:not at safepoint (normal execution)

VM Mutex/Monitor currently owned by a thread: None

Heap:
 PSYoungGen      total 35328K, used 33697K [0x00000000eb400000, 0x00000000ed900000, 0x0000000100000000)
  eden space 32768K, 95% used [0x00000000eb400000,0x00000000ed26c2b8,0x00000000ed400000)
  from space 2560K, 99% used [0x00000000ed400000,0x00000000ed67c538,0x00000000ed680000)
  to   space 2560K, 0% used [0x00000000ed680000,0x00000000ed680000,0x00000000ed900000)
 ParOldGen       total 35840K, used 9301K [0x00000000c1c00000, 0x00000000c3f00000, 0x00000000eb400000)
  object space 35840K, 25% used [0x00000000c1c00000,0x00000000c2515580,0x00000000c3f00000)
 Metaspace       used 25799K, capacity 26050K, committed 26368K, reserved 1073152K
  class space    used 3133K, capacity 3214K, committed 3328K, reserved 1048576K

Card table byte_map: [0x0000000011d20000,0x0000000011f20000] byte_map_base: 0x0000000011712000

Marking Bits: (ParMarkBitMap*) 0x0000000072f1a6c0
 Begin Bits: [0x0000000012470000, 0x0000000013400000)
 End Bits:   [0x0000000013400000, 0x0000000014390000)

Polling page: 0x0000000000e00000

CodeCache: size=245760Kb used=9014Kb max_used=9014Kb free=236745Kb
 bounds [0x0000000002960000, 0x0000000003240000, 0x0000000011960000]
 total_blobs=2865 nmethods=2479 adapters=298
 compilation: enabled

Compilation events (10 events):
Event: 2.284 Thread 0x0000000014f40800 nmethod 2475 0x000000000322f690 code [0x000000000322f820, 0x000000000322fe78]
Event: 2.284 Thread 0x0000000014f40800 2476       3       java.util.TreeMap::rotateRight (96 bytes)
Event: 2.285 Thread 0x0000000014f40800 nmethod 2476 0x0000000003230050 code [0x00000000032301c0, 0x0000000003230510]
Event: 2.285 Thread 0x0000000014f40800 2477       3       java.nio.charset.Charset::atBugLevel (44 bytes)
Event: 2.285 Thread 0x0000000014f40800 nmethod 2477 0x0000000003230610 code [0x00000000032307c0, 0x0000000003230d58]
Event: 2.289 Thread 0x0000000014f40800 2479       3       java.util.TreeMap::rotateLeft (96 bytes)
Event: 2.290 Thread 0x0000000014f40800 nmethod 2479 0x0000000003230f10 code [0x0000000003231080, 0x00000000032313d0]
Event: 2.290 Thread 0x0000000014f40800 2480       3       sun.nio.cs.AbstractCharsetProvider::put (20 bytes)
Event: 2.290 Thread 0x0000000014f40800 nmethod 2480 0x00000000032314d0 code [0x0000000003231640, 0x0000000003231958]
Event: 2.293 Thread 0x0000000014f40800 2482       3       java.nio.charset.Charset::checkName (165 bytes)

GC Heap History (10 events):
Event: 0.894 GC heap before
{Heap before GC invocations=4 (full 0):
 PSYoungGen      total 18944K, used 18928K [0x00000000eb400000, 0x00000000ed900000, 0x0000000100000000)
  eden space 16384K, 100% used [0x00000000eb400000,0x00000000ec400000,0x00000000ec400000)
  from space 2560K, 99% used [0x00000000ec400000,0x00000000ec67c010,0x00000000ec680000)
  to   space 2560K, 0% used [0x00000000ed680000,0x00000000ed680000,0x00000000ed900000)
 ParOldGen       total 44032K, used 4255K [0x00000000c1c00000, 0x00000000c4700000, 0x00000000eb400000)
  object space 44032K, 9% used [0x00000000c1c00000,0x00000000c2027ef8,0x00000000c4700000)
 Metaspace       used 16046K, capacity 16208K, committed 16384K, reserved 1062912K
  class space    used 1926K, capacity 1956K, committed 2048K, reserved 1048576K
Event: 0.901 GC heap after
Heap after GC invocations=4 (full 0):
 PSYoungGen      total 35328K, used 2528K [0x00000000eb400000, 0x00000000ed900000, 0x0000000100000000)
  eden space 32768K, 0% used [0x00000000eb400000,0x00000000eb400000,0x00000000ed400000)
  from space 2560K, 98% used [0x00000000ed680000,0x00000000ed8f8050,0x00000000ed900000)
  to   space 2560K, 0% used [0x00000000ed400000,0x00000000ed400000,0x00000000ed680000)
 ParOldGen       total 44032K, used 7425K [0x00000000c1c00000, 0x00000000c4700000, 0x00000000eb400000)
  object space 44032K, 16% used [0x00000000c1c00000,0x00000000c2340590,0x00000000c4700000)
 Metaspace       used 16046K, capacity 16208K, committed 16384K, reserved 1062912K
  class space    used 1926K, capacity 1956K, committed 2048K, reserved 1048576K
}
Event: 1.304 GC heap before
{Heap before GC invocations=5 (full 0):
 PSYoungGen      total 35328K, used 35296K [0x00000000eb400000, 0x00000000ed900000, 0x0000000100000000)
  eden space 32768K, 100% used [0x00000000eb400000,0x00000000ed400000,0x00000000ed400000)
  from space 2560K, 98% used [0x00000000ed680000,0x00000000ed8f8050,0x00000000ed900000)
  to   space 2560K, 0% used [0x00000000ed400000,0x00000000ed400000,0x00000000ed680000)
 ParOldGen       total 44032K, used 7425K [0x00000000c1c00000, 0x00000000c4700000, 0x00000000eb400000)
  object space 44032K, 16% used [0x00000000c1c00000,0x00000000c2340590,0x00000000c4700000)
 Metaspace       used 20720K, capacity 21010K, committed 21296K, reserved 1069056K
  class space    used 2485K, capacity 2566K, committed 2688K, reserved 1048576K
Event: 1.312 GC heap after
Heap after GC invocations=5 (full 0):
 PSYoungGen      total 35328K, used 2560K [0x00000000eb400000, 0x00000000ed900000, 0x0000000100000000)
  eden space 32768K, 0% used [0x00000000eb400000,0x00000000eb400000,0x00000000ed400000)
  from space 2560K, 100% used [0x00000000ed400000,0x00000000ed680000,0x00000000ed680000)
  to   space 2560K, 0% used [0x00000000ed680000,0x00000000ed680000,0x00000000ed900000)
 ParOldGen       total 44032K, used 11678K [0x00000000c1c00000, 0x00000000c4700000, 0x00000000eb400000)
  object space 44032K, 26% used [0x00000000c1c00000,0x00000000c2767828,0x00000000c4700000)
 Metaspace       used 20720K, capacity 21010K, committed 21296K, reserved 1069056K
  class space    used 2485K, capacity 2566K, committed 2688K, reserved 1048576K
}
Event: 1.339 GC heap before
{Heap before GC invocations=6 (full 0):
 PSYoungGen      total 35328K, used 4750K [0x00000000eb400000, 0x00000000ed900000, 0x0000000100000000)
  eden space 32768K, 6% used [0x00000000eb400000,0x00000000eb623b28,0x00000000ed400000)
  from space 2560K, 100% used [0x00000000ed400000,0x00000000ed680000,0x00000000ed680000)
  to   space 2560K, 0% used [0x00000000ed680000,0x00000000ed680000,0x00000000ed900000)
 ParOldGen       total 44032K, used 11678K [0x00000000c1c00000, 0x00000000c4700000, 0x00000000eb400000)
  object space 44032K, 26% used [0x00000000c1c00000,0x00000000c2767828,0x00000000c4700000)
 Metaspace       used 20822K, capacity 21080K, committed 21296K, reserved 1069056K
  class space    used 2498K, capacity 2567K, committed 2688K, reserved 1048576K
Event: 1.346 GC heap after
Heap after GC invocations=6 (full 0):
 PSYoungGen      total 35328K, used 2544K [0x00000000eb400000, 0x00000000ed900000, 0x0000000100000000)
  eden space 32768K, 0% used [0x00000000eb400000,0x00000000eb400000,0x00000000ed400000)
  from space 2560K, 99% used [0x00000000ed680000,0x00000000ed8fc010,0x00000000ed900000)
  to   space 2560K, 0% used [0x00000000ed400000,0x00000000ed400000,0x00000000ed680000)
 ParOldGen       total 44032K, used 11939K [0x00000000c1c00000, 0x00000000c4700000, 0x00000000eb400000)
  object space 44032K, 27% used [0x00000000c1c00000,0x00000000c27a8df8,0x00000000c4700000)
 Metaspace       used 20822K, capacity 21080K, committed 21296K, reserved 1069056K
  class space    used 2498K, capacity 2567K, committed 2688K, reserved 1048576K
}
Event: 1.346 GC heap before
{Heap before GC invocations=7 (full 1):
 PSYoungGen      total 35328K, used 2544K [0x00000000eb400000, 0x00000000ed900000, 0x0000000100000000)
  eden space 32768K, 0% used [0x00000000eb400000,0x00000000eb400000,0x00000000ed400000)
  from space 2560K, 99% used [0x00000000ed680000,0x00000000ed8fc010,0x00000000ed900000)
  to   space 2560K, 0% used [0x00000000ed400000,0x00000000ed400000,0x00000000ed680000)
 ParOldGen       total 44032K, used 11939K [0x00000000c1c00000, 0x00000000c4700000, 0x00000000eb400000)
  object space 44032K, 27% used [0x00000000c1c00000,0x00000000c27a8df8,0x00000000c4700000)
 Metaspace       used 20822K, capacity 21080K, committed 21296K, reserved 1069056K
  class space    used 2498K, capacity 2567K, committed 2688K, reserved 1048576K
Event: 1.394 GC heap after
Heap after GC invocations=7 (full 1):
 PSYoungGen      total 35328K, used 0K [0x00000000eb400000, 0x00000000ed900000, 0x0000000100000000)
  eden space 32768K, 0% used [0x00000000eb400000,0x00000000eb400000,0x00000000ed400000)
  from space 2560K, 0% used [0x00000000ed680000,0x00000000ed680000,0x00000000ed900000)
  to   space 2560K, 0% used [0x00000000ed400000,0x00000000ed400000,0x00000000ed680000)
 ParOldGen       total 35840K, used 8305K [0x00000000c1c00000, 0x00000000c3f00000, 0x00000000eb400000)
  object space 35840K, 23% used [0x00000000c1c00000,0x00000000c241c6a8,0x00000000c3f00000)
 Metaspace       used 20822K, capacity 21080K, committed 21296K, reserved 1069056K
  class space    used 2498K, capacity 2567K, committed 2688K, reserved 1048576K
}
Event: 1.822 GC heap before
{Heap before GC invocations=8 (full 1):
 PSYoungGen      total 35328K, used 32768K [0x00000000eb400000, 0x00000000ed900000, 0x0000000100000000)
  eden space 32768K, 100% used [0x00000000eb400000,0x00000000ed400000,0x00000000ed400000)
  from space 2560K, 0% used [0x00000000ed680000,0x00000000ed680000,0x00000000ed900000)
  to   space 2560K, 0% used [0x00000000ed400000,0x00000000ed400000,0x00000000ed680000)
 ParOldGen       total 35840K, used 8305K [0x00000000c1c00000, 0x00000000c3f00000, 0x00000000eb400000)
  object space 35840K, 23% used [0x00000000c1c00000,0x00000000c241c6a8,0x00000000c3f00000)
 Metaspace       used 23136K, capacity 23484K, committed 23680K, reserved 1071104K
  class space    used 2782K, capacity 2893K, committed 2944K, reserved 1048576K
Event: 1.828 GC heap after
Heap after GC invocations=8 (full 1):
 PSYoungGen      total 35328K, used 2545K [0x00000000eb400000, 0x00000000ed900000, 0x0000000100000000)
  eden space 32768K, 0% used [0x00000000eb400000,0x00000000eb400000,0x00000000ed400000)
  from space 2560K, 99% used [0x00000000ed400000,0x00000000ed67c538,0x00000000ed680000)
  to   space 2560K, 0% used [0x00000000ed680000,0x00000000ed680000,0x00000000ed900000)
 ParOldGen       total 35840K, used 9301K [0x00000000c1c00000, 0x00000000c3f00000, 0x00000000eb400000)
  object space 35840K, 25% used [0x00000000c1c00000,0x00000000c2515580,0x00000000c3f00000)
 Metaspace       used 23136K, capacity 23484K, committed 23680K, reserved 1071104K
  class space    used 2782K, capacity 2893K, committed 2944K, reserved 1048576K
}

Deoptimization events (10 events):
Event: 1.494 Thread 0x0000000002862800 Uncommon trap: reason=class_check action=maybe_recompile pc=0x0000000002c8389c method=java.util.concurrent.ConcurrentHashMap.putVal(Ljava/lang/Object;Ljava/lang/Object;Z)Ljava/lang/Object; @ 192
Event: 1.672 Thread 0x0000000002862800 Uncommon trap: reason=unstable_if action=reinterpret pc=0x0000000002c831dc method=java.util.concurrent.ConcurrentHashMap.putVal(Ljava/lang/Object;Ljava/lang/Object;Z)Ljava/lang/Object; @ 206
Event: 1.857 Thread 0x0000000002862800 Uncommon trap: reason=null_check action=make_not_entrant pc=0x000000000312913c method=org.springframework.beans.factory.support.DefaultListableBeanFactory.getBeanDefinition(Ljava/lang/String;)Lorg/springframework/beans/factory/config/BeanDefinition; @ 10
Event: 1.916 Thread 0x0000000002862800 Uncommon trap: reason=unstable_if action=reinterpret pc=0x00000000030ccce4 method=org.springframework.asm.Type.getArgumentsAndReturnSizes(Ljava/lang/String;)I @ 88
Event: 1.916 Thread 0x0000000002862800 Uncommon trap: reason=unstable_if action=reinterpret pc=0x00000000030d0cc0 method=org.springframework.asm.Type.getArgumentTypes(Ljava/lang/String;)[Lorg/springframework/asm/Type; @ 58
Event: 1.917 Thread 0x0000000002862800 Uncommon trap: reason=unstable_if action=reinterpret pc=0x0000000003182f54 method=org.springframework.asm.Type.getArgumentsAndReturnSizes(Ljava/lang/String;)I @ 88
Event: 2.070 Thread 0x0000000002862800 Uncommon trap: reason=unstable_if action=reinterpret pc=0x0000000002ca8714 method=java.lang.reflect.Method.equals(Ljava/lang/Object;)Z @ 1
Event: 2.233 Thread 0x0000000002862800 Uncommon trap: reason=unstable_if action=reinterpret pc=0x0000000002facb44 method=java.util.LinkedHashMap.get(Ljava/lang/Object;)Ljava/lang/Object; @ 20
Event: 2.242 Thread 0x0000000002862800 Uncommon trap: reason=unstable_if action=reinterpret pc=0x0000000002bf03d0 method=java.util.Properties.loadConvert([CII[C)Ljava/lang/String; @ 57
Event: 2.276 Thread 0x0000000002862800 Uncommon trap: reason=null_check action=make_not_entrant pc=0x0000000002e08368 method=org.apache.tomcat.util.IntrospectionUtils.findMethods(Ljava/lang/Class;)[Ljava/lang/reflect/Method; @ 7

Internal exceptions (10 events):
Event: 2.138 Thread 0x0000000002862800 Exception <a 'java/lang/ClassNotFoundException': org/springframework/boot/autoconfigure/web/ErrorViewResolverCustomizer> (0x00000000ecccc230) thrown at [C:\re\workspace\8-2-build-windows-amd64-cygwin\jdk8u111\7883\hotspot\src\share\vm\classfile\systemDict
Event: 2.138 Thread 0x0000000002862800 Exception <a 'java/lang/ClassNotFoundException': org/springframework/core/OrderedCustomizer> (0x00000000eccd9b28) thrown at [C:\re\workspace\8-2-build-windows-amd64-cygwin\jdk8u111\7883\hotspot\src\share\vm\classfile\systemDictionary.cpp, line 210]
Event: 2.149 Thread 0x0000000002862800 Exception <a 'java/lang/ClassNotFoundException': java/lang/ObjectCustomizer> (0x00000000ecd8a258) thrown at [C:\re\workspace\8-2-build-windows-amd64-cygwin\jdk8u111\7883\hotspot\src\share\vm\classfile\systemDictionary.cpp, line 210]
Event: 2.150 Thread 0x0000000002862800 Exception <a 'java/lang/ClassNotFoundException': org/springframework/boot/autoconfigure/web/ErrorMvcAutoConfigurationCustomizer> (0x00000000ecd9caf8) thrown at [C:\re\workspace\8-2-build-windows-amd64-cygwin\jdk8u111\7883\hotspot\src\share\vm\classfile\sy
Event: 2.150 Thread 0x0000000002862800 Exception <a 'java/lang/ClassNotFoundException': org/springframework/boot/autoconfigure/web/ErrorMvcAutoConfiguration$$EnhancerBySpringCGLIB$$f879c93dCustomizer> (0x00000000ecdb3640) thrown at [C:\re\workspace\8-2-build-windows-amd64-cygwin\jdk8u111\7883\
Event: 2.151 Thread 0x0000000002862800 Exception <a 'java/lang/ClassNotFoundException': org/springframework/context/annotation/ConfigurationClassEnhancer$EnhancedConfigurationCustomizer> (0x00000000ecdce808) thrown at [C:\re\workspace\8-2-build-windows-amd64-cygwin\jdk8u111\7883\hotspot\src\sh
Event: 2.157 Thread 0x0000000002862800 Exception <a 'java/lang/ClassNotFoundException': java/lang/ObjectCustomizer> (0x00000000ece61820) thrown at [C:\re\workspace\8-2-build-windows-amd64-cygwin\jdk8u111\7883\hotspot\src\share\vm\classfile\systemDictionary.cpp, line 210]
Event: 2.157 Thread 0x0000000002862800 Exception <a 'java/lang/ClassNotFoundException': org/springframework/boot/autoconfigure/web/ErrorMvcAutoConfiguration$ErrorPageCustomizerCustomizer> (0x00000000ece768f8) thrown at [C:\re\workspace\8-2-build-windows-amd64-cygwin\jdk8u111\7883\hotspot\src\s
Event: 2.158 Thread 0x0000000002862800 Exception <a 'java/lang/ClassNotFoundException': org/springframework/boot/web/servlet/ErrorPageRegistrarCustomizer> (0x00000000ece88008) thrown at [C:\re\workspace\8-2-build-windows-amd64-cygwin\jdk8u111\7883\hotspot\src\share\vm\classfile\systemDictionar
Event: 2.159 Thread 0x0000000002862800 Exception <a 'java/lang/ClassNotFoundException': org/springframework/core/OrderedCustomizer> (0x00000000ece929d8) thrown at [C:\re\workspace\8-2-build-windows-amd64-cygwin\jdk8u111\7883\hotspot\src\share\vm\classfile\systemDictionary.cpp, line 210]

Events (10 events):
Event: 2.289 loading class sun/nio/cs/AbstractCharsetProvider done
Event: 2.289 loading class sun/nio/cs/ext/ExtendedCharsets done
Event: 2.292 loading class sun/nio/cs/AbstractCharsetProvider$1
Event: 2.292 loading class sun/nio/cs/AbstractCharsetProvider$1 done
Event: 2.292 loading class sun/nio/cs/ext/Big5
Event: 2.292 loading class sun/nio/cs/ext/Big5 done
Event: 2.293 loading class sun/nio/cs/ext/Big5_HKSCS
Event: 2.293 loading class sun/nio/cs/ext/Big5_HKSCS done
Event: 2.293 loading class sun/nio/cs/ext/EUC_JP
Event: 2.293 loading class sun/nio/cs/ext/EUC_JP done


Dynamic libraries:
0x00007ff751b90000 - 0x00007ff751bc7000 	C:\Program Files\Java\jdk1.8.0_111\bin\java.exe
0x00007fff4f550000 - 0x00007fff4f6fd000 	C:\Windows\SYSTEM32\ntdll.dll
0x00007fff4f360000 - 0x00007fff4f49e000 	C:\Windows\system32\KERNEL32.DLL
0x00007fff4cab0000 - 0x00007fff4cbc6000 	C:\Windows\system32\KERNELBASE.dll
0x00007fff4af50000 - 0x00007fff4afde000 	C:\Windows\system32\apphelp.dll
0x00007fff3a4c0000 - 0x00007fff3a513000 	C:\Windows\AppPatch\AppPatch64\AcGenral.DLL
0x00007fff4f240000 - 0x00007fff4f2ea000 	C:\Windows\system32\msvcrt.dll
0x00007fff4ca80000 - 0x00007fff4caae000 	C:\Windows\system32\SspiCli.dll
0x00007fff4f1e0000 - 0x00007fff4f234000 	C:\Windows\system32\SHLWAPI.dll
0x00007fff4cfc0000 - 0x00007fff4d137000 	C:\Windows\system32\USER32.dll
0x00007fff4d330000 - 0x00007fff4d4c4000 	C:\Windows\system32\ole32.dll
0x00007fff4dcb0000 - 0x00007fff4f1dc000 	C:\Windows\system32\SHELL32.dll
0x00007fff4bc30000 - 0x00007fff4bc51000 	C:\Windows\SYSTEM32\USERENV.dll
0x00007fff4f4a0000 - 0x00007fff4f54a000 	C:\Windows\system32\ADVAPI32.dll
0x00007fff41f00000 - 0x00007fff41f1e000 	C:\Windows\SYSTEM32\MPR.dll
0x00007fff4d1f0000 - 0x00007fff4d330000 	C:\Windows\system32\RPCRT4.dll
0x00007fff4f2f0000 - 0x00007fff4f349000 	C:\Windows\SYSTEM32\sechost.dll
0x00007fff4d750000 - 0x00007fff4d962000 	C:\Windows\SYSTEM32\combase.dll
0x00007fff4cd00000 - 0x00007fff4ce4b000 	C:\Windows\system32\GDI32.dll
0x00007fff4c670000 - 0x00007fff4c685000 	C:\Windows\SYSTEM32\profapi.dll
0x00007fff4ae90000 - 0x00007fff4af42000 	C:\Windows\SYSTEM32\SHCORE.dll
0x00007fff4dc70000 - 0x00007fff4dca6000 	C:\Windows\system32\IMM32.DLL
0x00007fff4ce60000 - 0x00007fff4cfb1000 	C:\Windows\system32\MSCTF.dll
0x00007fff4a120000 - 0x00007fff4a39b000 	C:\Windows\WinSxS\amd64_microsoft.windows.common-controls_6595b64144ccf1df_6.0.9600.18006_none_623f33d3ecbe86e8\COMCTL32.dll
0x0000000072620000 - 0x00000000726f2000 	C:\Program Files\Java\jdk1.8.0_111\jre\bin\msvcr100.dll
0x0000000072700000 - 0x0000000072f9a000 	C:\Program Files\Java\jdk1.8.0_111\jre\bin\server\jvm.dll
0x00007fff48890000 - 0x00007fff48899000 	C:\Windows\SYSTEM32\WSOCK32.dll
0x00007fff3a5d0000 - 0x00007fff3a5f2000 	C:\Windows\SYSTEM32\WINMM.dll
0x00007fff46940000 - 0x00007fff4694a000 	C:\Windows\SYSTEM32\VERSION.dll
0x00007fff4d140000 - 0x00007fff4d147000 	C:\Windows\system32\PSAPI.DLL
0x00007fff4cca0000 - 0x00007fff4ccfa000 	C:\Windows\system32\WS2_32.dll
0x00007fff3a5a0000 - 0x00007fff3a5ca000 	C:\Windows\SYSTEM32\WINMMBASE.dll
0x00007fff4d150000 - 0x00007fff4d159000 	C:\Windows\system32\NSI.dll
0x00007fff4ca30000 - 0x00007fff4ca7f000 	C:\Windows\SYSTEM32\cfgmgr32.dll
0x00007fff4b4a0000 - 0x00007fff4b4c8000 	C:\Windows\SYSTEM32\DEVOBJ.dll
0x0000000073c40000 - 0x0000000073c4f000 	C:\Program Files\Java\jdk1.8.0_111\jre\bin\verify.dll
0x0000000073c10000 - 0x0000000073c39000 	C:\Program Files\Java\jdk1.8.0_111\jre\bin\java.dll
0x0000000073bf0000 - 0x0000000073c06000 	C:\Program Files\Java\jdk1.8.0_111\jre\bin\zip.dll
0x00000000723d0000 - 0x00000000723dd000 	C:\Program Files\Java\jdk1.8.0_111\jre\bin\management.dll
0x00000000738f0000 - 0x000000007390a000 	C:\Program Files\Java\jdk1.8.0_111\jre\bin\net.dll
0x00007fff4bea0000 - 0x00007fff4bef9000 	C:\Windows\system32\mswsock.dll
0x00007fff37bd0000 - 0x00007fff37be5000 	C:\Windows\system32\napinsp.dll
0x00007fff37bb0000 - 0x00007fff37bca000 	C:\Windows\system32\pnrpnsp.dll
0x00007fff4a100000 - 0x00007fff4a11b000 	C:\Windows\system32\NLAapi.dll
0x00007fff4bca0000 - 0x00007fff4bd44000 	C:\Windows\SYSTEM32\DNSAPI.dll
0x00007fff384c0000 - 0x00007fff384cd000 	C:\Windows\System32\winrnr.dll
0x00007fff37b90000 - 0x00007fff37ba4000 	C:\Windows\system32\wshbth.dll
0x00007fff38690000 - 0x00007fff3869a000 	C:\Windows\System32\rasadhlp.dll
0x00007fff486e0000 - 0x00007fff4870a000 	C:\Windows\SYSTEM32\IPHLPAPI.DLL
0x00007fff491f0000 - 0x00007fff491fa000 	C:\Windows\SYSTEM32\WINNSI.DLL
0x00007fff48420000 - 0x00007fff4848b000 	C:\Windows\System32\fwpuclnt.dll
0x00000000738d0000 - 0x00000000738e1000 	C:\Program Files\Java\jdk1.8.0_111\jre\bin\nio.dll
0x00007fff4bf00000 - 0x00007fff4bf20000 	C:\Windows\SYSTEM32\CRYPTSP.dll
0x00007fff4bb20000 - 0x00007fff4bb56000 	C:\Windows\system32\rsaenh.dll
0x00007fff4c150000 - 0x00007fff4c176000 	C:\Windows\SYSTEM32\bcrypt.dll
0x00007fff4c470000 - 0x00007fff4c4d3000 	C:\Windows\system32\bcryptprimitives.dll
0x00007fff4c4e0000 - 0x00007fff4c4eb000 	C:\Windows\SYSTEM32\CRYPTBASE.dll
0x00007fff485d0000 - 0x00007fff485e6000 	C:\Windows\SYSTEM32\dhcpcsvc6.DLL
0x00007fff48530000 - 0x00007fff4854a000 	C:\Windows\SYSTEM32\dhcpcsvc.DLL

VM Arguments:
java_command: poo2.ex.Lab1.Lab1Application
java_class_path (initial): C:\Users\user\Desktop\Lab1\target\classes;C:\Users\user\.m2\repository\org\springframework\boot\spring-boot-starter-thymeleaf\1.5.16.BUILD-SNAPSHOT\spring-boot-starter-thymeleaf-1.5.16.BUILD-SNAPSHOT.jar;C:\Users\user\.m2\repository\org\springframework\boot\spring-boot-starter\1.5.16.BUILD-SNAPSHOT\spring-boot-starter-1.5.16.BUILD-SNAPSHOT.jar;C:\Users\user\.m2\repository\org\springframework\boot\spring-boot\1.5.16.BUILD-SNAPSHOT\spring-boot-1.5.16.BUILD-SNAPSHOT.jar;C:\Users\user\.m2\repository\org\springframework\boot\spring-boot-autoconfigure\1.5.16.BUILD-SNAPSHOT\spring-boot-autoconfigure-1.5.16.BUILD-SNAPSHOT.jar;C:\Users\user\.m2\repository\org\springframework\boot\spring-boot-starter-logging\1.5.16.BUILD-SNAPSHOT\spring-boot-starter-logging-1.5.16.BUILD-SNAPSHOT.jar;C:\Users\user\.m2\repository\ch\qos\logback\logback-classic\1.1.11\logback-classic-1.1.11.jar;C:\Users\user\.m2\repository\ch\qos\logback\logback-core\1.1.11\logback-core-1.1.11.jar;C:\Users\user\.m2\repository\org\slf4j\jcl-over-slf4j\1.7.25\jcl-over-slf4j-1.7.25.jar;C:\Users\user\.m2\repository\org\slf4j\jul-to-slf4j\1.7.25\jul-to-slf4j-1.7.25.jar;C:\Users\user\.m2\repository\org\slf4j\log4j-over-slf4j\1.7.25\log4j-over-slf4j-1.7.25.jar;C:\Users\user\.m2\repository\org\yaml\snakeyaml\1.17\snakeyaml-1.17.jar;C:\Users\user\.m2\repository\org\thymeleaf\thymeleaf-spring4\2.1.6.RELEASE\thymeleaf-spring4-2.1.6.RELEASE.jar;C:\Users\user\.m2\repository\org\thymeleaf\thymeleaf\2.1.6.RELEASE\thymeleaf-2.1.6.RELEASE.jar;C:\Users\user\.m2\repository\ognl\ognl\3.0.8\ognl-3.0.8.jar;C:\Users\user\.m2\repository\org\javassist\javassist\3.21.0-GA\javassist-3.21.0-GA.jar;C:\Users\user\.m2\repository\org\unbescape\unbescape\1.1.0.RELEASE\unbescape-1.1.0.RELEASE.jar;C:\Users\user\.m2\repository\org\slf4j\slf4j-api\1.7.25\slf4j-api-1.7.25.jar;C:\Users\user\.m2\repository\nz\net\ultraq\thymeleaf\thymeleaf-layout-dialect\1.4.0\thymeleaf-layout-dialect-1.4.0.jar;C:\Users\user\.m2\repository
Launcher Type: SUN_STANDARD

Environment Variables:
JAVA_HOME=C:\Program Files\Java\jdk1.8.0_111
PATH=C:\Program Files\Microsoft MPI\Bin\;C:\ProgramData\Oracle\Java\javapath;C:\Windows\system32;C:\Windows;C:\Windows\System32\Wbem;C:\Windows\System32\WindowsPowerShell\v1.0\;C:\Program Files (x86)\Microsoft SQL Server\140\Tools\Binn\;C:\Program Files\Microsoft SQL Server\140\Tools\Binn\;C:\Program Files (x86)\Microsoft SQL Server\140\DTS\Binn\;C:\Program Files\Microsoft SQL Server\140\DTS\Binn\;C:\Program Files\Microsoft SQL Server\Client SDK\ODBC\130\Tools\Binn\;C:\Program Files (x86)\Microsoft SQL Server\Client SDK\ODBC\130\Tools\Binn\;C:\Program Files (x86)\Microsoft SQL Server\140\Tools\Binn\ManagementStudio\
USERNAME=user
OS=Windows_NT
PROCESSOR_IDENTIFIER=Intel64 Family 6 Model 158 Stepping 9, GenuineIntel



---------------  S Y S T E M  ---------------

OS: Windows 8.1 , 64 bit Build 9600 (6.3.9600.17415)

CPU:total 4 (2 cores per cpu, 2 threads per core) family 6 model 158 stepping 9, cmov, cx8, fxsr, mmx, sse, sse2, sse3, ssse3, sse4.1, sse4.2, popcnt, avx, avx2, aes, clmul, erms, 3dnowpref, lzcnt, ht, tsc, tscinvbit, bmi1, bmi2, adx

Memory: 4k page, physical 4075548k(941228k free), swap 4075548k(6344k free)

vm_info: Java HotSpot(TM) 64-Bit Server VM (25.111-b14) for windows-amd64 JRE (1.8.0_111-b14), built on Sep 22 2016 19:24:05 by "java_re" with MS VC++ 10.0 (VS2010)

time: Tue Aug 28 19:21:43 2018
elapsed time: 2 seconds (0d 0h 0m 2s)

